{"meta": {"format": 3, "version": "7.13.2", "timestamp": "2026-01-27T14:47:53.936935", "branch_coverage": false, "show_contexts": false}, "files": {"src/__version__.py": {"executed_lines": [], "summary": {"covered_lines": 0, "num_statements": 30, "percent_covered": 0.0, "percent_covered_display": "0", "missing_lines": 30, "excluded_lines": 2, "percent_statements_covered": 0.0, "percent_statements_covered_display": "0"}, "missing_lines": [5, 6, 7, 8, 9, 10, 11, 14, 15, 18, 19, 20, 23, 37, 38, 39, 42, 44, 47, 49, 60, 62, 63, 64, 65, 66, 67, 68, 69, 70], "excluded_lines": [73, 74], "functions": {"get_version": {"executed_lines": [], "summary": {"covered_lines": 0, "num_statements": 1, "percent_covered": 0.0, "percent_covered_display": "0", "missing_lines": 1, "excluded_lines": 0, "percent_statements_covered": 0.0, "percent_statements_covered_display": "0"}, "missing_lines": [44], "excluded_lines": [], "start_line": 42}, "get_version_info": {"executed_lines": [], "summary": {"covered_lines": 0, "num_statements": 1, "percent_covered": 0.0, "percent_covered_display": "0", "missing_lines": 1, "excluded_lines": 0, "percent_statements_covered": 0.0, "percent_statements_covered_display": "0"}, "missing_lines": [49], "excluded_lines": [], "start_line": 47}, "print_version_info": {"executed_lines": [], "summary": {"covered_lines": 0, "num_statements": 9, "percent_covered": 0.0, "percent_covered_display": "0", "missing_lines": 9, "excluded_lines": 0, "percent_statements_covered": 0.0, "percent_statements_covered_display": "0"}, "missing_lines": [62, 63, 64, 65, 66, 67, 68, 69, 70], "excluded_lines": [], "start_line": 60}, "": {"executed_lines": [], "summary": {"covered_lines": 0, "num_statements": 19, "percent_covered": 0.0, "percent_covered_display": "0", "missing_lines": 19, "excluded_lines": 2, "percent_statements_covered": 0.0, "percent_statements_covered_display": "0"}, "missing_lines": [5, 6, 7, 8, 9, 10, 11, 14, 15, 18, 19, 20, 23, 37, 38, 39, 42, 47, 60], "excluded_lines": [73, 74], "start_line": 1}}, "classes": {"": {"executed_lines": [], "summary": {"covered_lines": 0, "num_statements": 30, "percent_covered": 0.0, "percent_covered_display": "0", "missing_lines": 30, "excluded_lines": 2, "percent_statements_covered": 0.0, "percent_statements_covered_display": "0"}, "missing_lines": [5, 6, 7, 8, 9, 10, 11, 14, 15, 18, 19, 20, 23, 37, 38, 39, 42, 44, 47, 49, 60, 62, 63, 64, 65, 66, 67, 68, 69, 70], "excluded_lines": [73, 74], "start_line": 1}}}, "src/compiler/__init__.py": {"executed_lines": [], "summary": {"covered_lines": 0, "num_statements": 2, "percent_covered": 0.0, "percent_covered_display": "0", "missing_lines": 2, "excluded_lines": 0, "percent_statements_covered": 0.0, "percent_statements_covered_display": "0"}, "missing_lines": [7, 17], "excluded_lines": [], "functions": {"": {"executed_lines": [], "summary": {"covered_lines": 0, "num_statements": 2, "percent_covered": 0.0, "percent_covered_display": "0", "missing_lines": 2, "excluded_lines": 0, "percent_statements_covered": 0.0, "percent_statements_covered_display": "0"}, "missing_lines": [7, 17], "excluded_lines": [], "start_line": 1}}, "classes": {"": {"executed_lines": [], "summary": {"covered_lines": 0, "num_statements": 2, "percent_covered": 0.0, "percent_covered_display": "0", "missing_lines": 2, "excluded_lines": 0, "percent_statements_covered": 0.0, "percent_statements_covered_display": "0"}, "missing_lines": [7, 17], "excluded_lines": [], "start_line": 1}}}, "src/compiler/bytecode_v2.py": {"executed_lines": [], "summary": {"covered_lines": 0, "num_statements": 342, "percent_covered": 0.0, "percent_covered_display": "0", "missing_lines": 342, "excluded_lines": 17, "percent_statements_covered": 0.0, "percent_statements_covered_display": "0"}, "missing_lines": [19, 20, 21, 22, 23, 24, 27, 28, 29, 32, 36, 37, 38, 41, 42, 43, 44, 45, 48, 51, 52, 53, 56, 57, 58, 59, 60, 61, 64, 65, 66, 69, 70, 71, 74, 75, 76, 79, 82, 83, 86, 87, 88, 89, 96, 99, 104, 107, 108, 109, 111, 113, 120, 121, 122, 125, 126, 127, 128, 129, 130, 131, 132, 133, 134, 137, 140, 141, 144, 152, 153, 155, 156, 158, 161, 164, 166, 167, 170, 172, 174, 175, 176, 178, 180, 181, 183, 185, 186, 187, 189, 191, 192, 195, 197, 199, 202, 205, 206, 208, 209, 210, 211, 212, 213, 214, 215, 216, 217, 220, 221, 222, 224, 227, 229, 230, 232, 233, 234, 235, 237, 239, 240, 243, 244, 245, 246, 247, 248, 249, 251, 253, 255, 256, 257, 259, 261, 263, 265, 266, 268, 270, 271, 272, 273, 275, 282, 285, 286, 289, 290, 293, 296, 297, 300, 302, 304, 309, 310, 312, 314, 315, 316, 318, 319, 320, 322, 323, 324, 326, 327, 328, 330, 331, 333, 334, 336, 337, 339, 340, 341, 343, 344, 345, 347, 348, 349, 351, 352, 353, 357, 358, 359, 360, 361, 363, 365, 366, 367, 369, 370, 371, 373, 374, 375, 377, 378, 380, 381, 383, 384, 386, 387, 390, 392, 395, 396, 397, 398, 399, 400, 401, 402, 403, 405, 406, 407, 408, 409, 410, 411, 412, 413, 416, 417, 419, 433, 434, 436, 438, 440, 442, 443, 444, 446, 447, 448, 449, 451, 453, 456, 458, 459, 462, 465, 467, 469, 470, 471, 472, 474, 476, 478, 479, 481, 484, 487, 490, 493, 495, 497, 501, 502, 503, 504, 508, 511, 512, 515, 518, 520, 522, 525, 526, 529, 530, 533, 534, 535, 538, 539, 540, 542, 544, 546, 547, 548, 549, 550, 551, 552, 553, 554, 555, 556, 557, 558, 559, 560, 561, 563, 565, 567, 568, 571, 579, 580, 582, 583, 584, 585, 589, 592, 595, 597, 598, 600, 601, 602, 603, 604, 605, 607, 608, 609, 611, 612, 614, 615, 616, 617, 618], "excluded_lines": [91, 92, 93, 101, 621, 622, 623, 624, 626, 627, 628, 630, 631, 632, 633, 634, 636], "functions": {"Instruction.__repr__": {"executed_lines": [], "summary": {"covered_lines": 0, "num_statements": 0, "percent_covered": 100.0, "percent_covered_display": "100", "missing_lines": 0, "excluded_lines": 2, "percent_statements_covered": 100.0, "percent_statements_covered_display": "100"}, "missing_lines": [], "excluded_lines": [92, 93], "start_line": 91}, "OptimizationPass.optimize": {"executed_lines": [], "summary": {"covered_lines": 0, "num_statements": 0, "percent_covered": 100.0, "percent_covered_display": "100", "missing_lines": 0, "excluded_lines": 1, "percent_statements_covered": 100.0, "percent_statements_covered_display": "100"}, "missing_lines": [], "excluded_lines": [101], "start_line": 99}, "ConstantFoldingPass.optimize": {"executed_lines": [], "summary": {"covered_lines": 0, "num_statements": 26, "percent_covered": 0.0, "percent_covered_display": "0", "missing_lines": 26, "excluded_lines": 0, "percent_statements_covered": 0.0, "percent_statements_covered_display": "0"}, "missing_lines": [108, 109, 111, 113, 120, 121, 122, 125, 126, 127, 128, 129, 130, 131, 132, 133, 134, 137, 140, 141, 144, 152, 153, 155, 156, 158], "excluded_lines": [], "start_line": 107}, "DeadCodeEliminationPass.optimize": {"executed_lines": [], "summary": {"covered_lines": 0, "num_statements": 3, "percent_covered": 0.0, "percent_covered_display": "0", "missing_lines": 3, "excluded_lines": 0, "percent_statements_covered": 0.0, "percent_statements_covered_display": "0"}, "missing_lines": [166, 167, 170], "excluded_lines": [], "start_line": 164}, "DeadCodeEliminationPass._mark_reachable": {"executed_lines": [], "summary": {"covered_lines": 0, "num_statements": 16, "percent_covered": 0.0, "percent_covered_display": "0", "missing_lines": 16, "excluded_lines": 0, "percent_statements_covered": 0.0, "percent_statements_covered_display": "0"}, "missing_lines": [174, 175, 176, 178, 180, 181, 183, 185, 186, 187, 189, 191, 192, 195, 197, 199], "excluded_lines": [], "start_line": 172}, "BytecodeCompilerV2.__init__": {"executed_lines": [], "summary": {"covered_lines": 0, "num_statements": 12, "percent_covered": 0.0, "percent_covered_display": "0", "missing_lines": 12, "excluded_lines": 0, "percent_statements_covered": 0.0, "percent_statements_covered_display": "0"}, "missing_lines": [209, 210, 211, 212, 213, 214, 215, 216, 217, 220, 221, 222], "excluded_lines": [], "start_line": 208}, "BytecodeCompilerV2.add_const": {"executed_lines": [], "summary": {"covered_lines": 0, "num_statements": 7, "percent_covered": 0.0, "percent_covered_display": "0", "missing_lines": 7, "excluded_lines": 0, "percent_statements_covered": 0.0, "percent_statements_covered_display": "0"}, "missing_lines": [227, 229, 230, 232, 233, 234, 235], "excluded_lines": [], "start_line": 224}, "BytecodeCompilerV2.emit": {"executed_lines": [], "summary": {"covered_lines": 0, "num_statements": 10, "percent_covered": 0.0, "percent_covered_display": "0", "missing_lines": 10, "excluded_lines": 0, "percent_statements_covered": 0.0, "percent_statements_covered_display": "0"}, "missing_lines": [239, 240, 243, 244, 245, 246, 247, 248, 249, 251], "excluded_lines": [], "start_line": 237}, "BytecodeCompilerV2.create_label": {"executed_lines": [], "summary": {"covered_lines": 0, "num_statements": 3, "percent_covered": 0.0, "percent_covered_display": "0", "missing_lines": 3, "excluded_lines": 0, "percent_statements_covered": 0.0, "percent_statements_covered_display": "0"}, "missing_lines": [255, 256, 257], "excluded_lines": [], "start_line": 253}, "BytecodeCompilerV2.mark_label": {"executed_lines": [], "summary": {"covered_lines": 0, "num_statements": 1, "percent_covered": 0.0, "percent_covered_display": "0", "missing_lines": 1, "excluded_lines": 0, "percent_statements_covered": 0.0, "percent_statements_covered_display": "0"}, "missing_lines": [261], "excluded_lines": [], "start_line": 259}, "BytecodeCompilerV2.emit_jump": {"executed_lines": [], "summary": {"covered_lines": 0, "num_statements": 2, "percent_covered": 0.0, "percent_covered_display": "0", "missing_lines": 2, "excluded_lines": 0, "percent_statements_covered": 0.0, "percent_statements_covered_display": "0"}, "missing_lines": [265, 266], "excluded_lines": [], "start_line": 263}, "BytecodeCompilerV2.resolve_labels": {"executed_lines": [], "summary": {"covered_lines": 0, "num_statements": 5, "percent_covered": 0.0, "percent_covered_display": "0", "missing_lines": 5, "excluded_lines": 0, "percent_statements_covered": 0.0, "percent_statements_covered_display": "0"}, "missing_lines": [270, 271, 272, 273, 275], "excluded_lines": [], "start_line": 268}, "BytecodeCompilerV2.compile": {"executed_lines": [], "summary": {"covered_lines": 0, "num_statements": 8, "percent_covered": 0.0, "percent_covered_display": "0", "missing_lines": 8, "excluded_lines": 0, "percent_statements_covered": 0.0, "percent_statements_covered_display": "0"}, "missing_lines": [285, 286, 289, 290, 293, 296, 297, 300], "excluded_lines": [], "start_line": 282}, "BytecodeCompilerV2.apply_optimizations": {"executed_lines": [], "summary": {"covered_lines": 0, "num_statements": 3, "percent_covered": 0.0, "percent_covered_display": "0", "missing_lines": 3, "excluded_lines": 0, "percent_statements_covered": 0.0, "percent_statements_covered_display": "0"}, "missing_lines": [304, 309, 310], "excluded_lines": [], "start_line": 302}, "BytecodeCompilerV2.compile_node": {"executed_lines": [], "summary": {"covered_lines": 0, "num_statements": 35, "percent_covered": 0.0, "percent_covered_display": "0", "missing_lines": 35, "excluded_lines": 0, "percent_statements_covered": 0.0, "percent_statements_covered_display": "0"}, "missing_lines": [314, 315, 316, 318, 319, 320, 322, 323, 324, 326, 327, 328, 330, 331, 333, 334, 336, 337, 339, 340, 341, 343, 344, 345, 347, 348, 349, 351, 352, 353, 357, 358, 359, 360, 361], "excluded_lines": [], "start_line": 312}, "BytecodeCompilerV2.compile_expr": {"executed_lines": [], "summary": {"covered_lines": 0, "num_statements": 18, "percent_covered": 0.0, "percent_covered_display": "0", "missing_lines": 18, "excluded_lines": 0, "percent_statements_covered": 0.0, "percent_statements_covered_display": "0"}, "missing_lines": [365, 366, 367, 369, 370, 371, 373, 374, 375, 377, 378, 380, 381, 383, 384, 386, 387, 390], "excluded_lines": [], "start_line": 363}, "BytecodeCompilerV2.compile_binop": {"executed_lines": [], "summary": {"covered_lines": 0, "num_statements": 24, "percent_covered": 0.0, "percent_covered_display": "0", "missing_lines": 24, "excluded_lines": 0, "percent_statements_covered": 0.0, "percent_statements_covered_display": "0"}, "missing_lines": [395, 396, 397, 398, 399, 400, 401, 402, 403, 405, 406, 407, 408, 409, 410, 411, 412, 413, 416, 417, 419, 433, 434, 436], "excluded_lines": [], "start_line": 392}, "BytecodeCompilerV2.compile_unary": {"executed_lines": [], "summary": {"covered_lines": 0, "num_statements": 9, "percent_covered": 0.0, "percent_covered_display": "0", "missing_lines": 9, "excluded_lines": 0, "percent_statements_covered": 0.0, "percent_statements_covered_display": "0"}, "missing_lines": [440, 442, 443, 444, 446, 447, 448, 449, 451], "excluded_lines": [], "start_line": 438}, "BytecodeCompilerV2.compile_if": {"executed_lines": [], "summary": {"covered_lines": 0, "num_statements": 11, "percent_covered": 0.0, "percent_covered_display": "0", "missing_lines": 11, "excluded_lines": 0, "percent_statements_covered": 0.0, "percent_statements_covered_display": "0"}, "missing_lines": [456, 458, 459, 462, 465, 467, 469, 470, 471, 472, 474], "excluded_lines": [], "start_line": 453}, "BytecodeCompilerV2.compile_while": {"executed_lines": [], "summary": {"covered_lines": 0, "num_statements": 8, "percent_covered": 0.0, "percent_covered_display": "0", "missing_lines": 8, "excluded_lines": 0, "percent_statements_covered": 0.0, "percent_statements_covered_display": "0"}, "missing_lines": [478, 479, 481, 484, 487, 490, 493, 495], "excluded_lines": [], "start_line": 476}, "BytecodeCompilerV2.compile_function": {"executed_lines": [], "summary": {"covered_lines": 0, "num_statements": 4, "percent_covered": 0.0, "percent_covered_display": "0", "missing_lines": 4, "excluded_lines": 0, "percent_statements_covered": 0.0, "percent_statements_covered_display": "0"}, "missing_lines": [501, 502, 503, 504], "excluded_lines": [], "start_line": 497}, "BytecodeCompilerV2.compile_call": {"executed_lines": [], "summary": {"covered_lines": 0, "num_statements": 4, "percent_covered": 0.0, "percent_covered_display": "0", "missing_lines": 4, "excluded_lines": 0, "percent_statements_covered": 0.0, "percent_statements_covered_display": "0"}, "missing_lines": [511, 512, 515, 518], "excluded_lines": [], "start_line": 508}, "BytecodeCompilerV2.to_bytes": {"executed_lines": [], "summary": {"covered_lines": 0, "num_statements": 12, "percent_covered": 0.0, "percent_covered_display": "0", "missing_lines": 12, "excluded_lines": 0, "percent_statements_covered": 0.0, "percent_statements_covered_display": "0"}, "missing_lines": [522, 525, 526, 529, 530, 533, 534, 535, 538, 539, 540, 542], "excluded_lines": [], "start_line": 520}, "BytecodeCompilerV2._encode_constant": {"executed_lines": [], "summary": {"covered_lines": 0, "num_statements": 17, "percent_covered": 0.0, "percent_covered_display": "0", "missing_lines": 17, "excluded_lines": 0, "percent_statements_covered": 0.0, "percent_statements_covered_display": "0"}, "missing_lines": [546, 547, 548, 549, 550, 551, 552, 553, 554, 555, 556, 557, 558, 559, 560, 561, 563], "excluded_lines": [], "start_line": 544}, "BytecodeCompilerV2._encode_instruction": {"executed_lines": [], "summary": {"covered_lines": 0, "num_statements": 9, "percent_covered": 0.0, "percent_covered_display": "0", "missing_lines": 9, "excluded_lines": 0, "percent_statements_covered": 0.0, "percent_statements_covered_display": "0"}, "missing_lines": [567, 568, 571, 579, 580, 582, 583, 584, 585], "excluded_lines": [], "start_line": 565}, "compile_file": {"executed_lines": [], "summary": {"covered_lines": 0, "num_statements": 18, "percent_covered": 0.0, "percent_covered_display": "0", "missing_lines": 18, "excluded_lines": 0, "percent_statements_covered": 0.0, "percent_statements_covered_display": "0"}, "missing_lines": [597, 598, 600, 601, 602, 603, 604, 605, 607, 608, 609, 611, 612, 614, 615, 616, 617, 618], "excluded_lines": [], "start_line": 595}, "": {"executed_lines": [], "summary": {"covered_lines": 0, "num_statements": 77, "percent_covered": 0.0, "percent_covered_display": "0", "missing_lines": 77, "excluded_lines": 14, "percent_statements_covered": 0.0, "percent_statements_covered_display": "0"}, "missing_lines": [19, 20, 21, 22, 23, 24, 27, 28, 29, 32, 36, 37, 38, 41, 42, 43, 44, 45, 48, 51, 52, 53, 56, 57, 58, 59, 60, 61, 64, 65, 66, 69, 70, 71, 74, 75, 76, 79, 82, 83, 86, 87, 88, 89, 96, 99, 104, 107, 161, 164, 172, 202, 205, 206, 208, 224, 237, 253, 259, 263, 268, 282, 302, 312, 363, 392, 438, 453, 476, 497, 508, 520, 544, 565, 589, 592, 595], "excluded_lines": [91, 621, 622, 623, 624, 626, 627, 628, 630, 631, 632, 633, 634, 636], "start_line": 1}}, "classes": {"Opcode": {"executed_lines": [], "summary": {"covered_lines": 0, "num_statements": 0, "percent_covered": 100.0, "percent_covered_display": "100", "missing_lines": 0, "excluded_lines": 0, "percent_statements_covered": 100.0, "percent_statements_covered_display": "100"}, "missing_lines": [], "excluded_lines": [], "start_line": 32}, "Instruction": {"executed_lines": [], "summary": {"covered_lines": 0, "num_statements": 0, "percent_covered": 100.0, "percent_covered_display": "100", "missing_lines": 0, "excluded_lines": 2, "percent_statements_covered": 100.0, "percent_statements_covered_display": "100"}, "missing_lines": [], "excluded_lines": [92, 93], "start_line": 83}, "OptimizationPass": {"executed_lines": [], "summary": {"covered_lines": 0, "num_statements": 0, "percent_covered": 100.0, "percent_covered_display": "100", "missing_lines": 0, "excluded_lines": 1, "percent_statements_covered": 100.0, "percent_statements_covered_display": "100"}, "missing_lines": [], "excluded_lines": [101], "start_line": 96}, "ConstantFoldingPass": {"executed_lines": [], "summary": {"covered_lines": 0, "num_statements": 26, "percent_covered": 0.0, "percent_covered_display": "0", "missing_lines": 26, "excluded_lines": 0, "percent_statements_covered": 0.0, "percent_statements_covered_display": "0"}, "missing_lines": [108, 109, 111, 113, 120, 121, 122, 125, 126, 127, 128, 129, 130, 131, 132, 133, 134, 137, 140, 141, 144, 152, 153, 155, 156, 158], "excluded_lines": [], "start_line": 104}, "DeadCodeEliminationPass": {"executed_lines": [], "summary": {"covered_lines": 0, "num_statements": 19, "percent_covered": 0.0, "percent_covered_display": "0", "missing_lines": 19, "excluded_lines": 0, "percent_statements_covered": 0.0, "percent_statements_covered_display": "0"}, "missing_lines": [166, 167, 170, 174, 175, 176, 178, 180, 181, 183, 185, 186, 187, 189, 191, 192, 195, 197, 199], "excluded_lines": [], "start_line": 161}, "BytecodeCompilerV2": {"executed_lines": [], "summary": {"covered_lines": 0, "num_statements": 202, "percent_covered": 0.0, "percent_covered_display": "0", "missing_lines": 202, "excluded_lines": 0, "percent_statements_covered": 0.0, "percent_statements_covered_display": "0"}, "missing_lines": [209, 210, 211, 212, 213, 214, 215, 216, 217, 220, 221, 222, 227, 229, 230, 232, 233, 234, 235, 239, 240, 243, 244, 245, 246, 247, 248, 249, 251, 255, 256, 257, 261, 265, 266, 270, 271, 272, 273, 275, 285, 286, 289, 290, 293, 296, 297, 300, 304, 309, 310, 314, 315, 316, 318, 319, 320, 322, 323, 324, 326, 327, 328, 330, 331, 333, 334, 336, 337, 339, 340, 341, 343, 344, 345, 347, 348, 349, 351, 352, 353, 357, 358, 359, 360, 361, 365, 366, 367, 369, 370, 371, 373, 374, 375, 377, 378, 380, 381, 383, 384, 386, 387, 390, 395, 396, 397, 398, 399, 400, 401, 402, 403, 405, 406, 407, 408, 409, 410, 411, 412, 413, 416, 417, 419, 433, 434, 436, 440, 442, 443, 444, 446, 447, 448, 449, 451, 456, 458, 459, 462, 465, 467, 469, 470, 471, 472, 474, 478, 479, 481, 484, 487, 490, 493, 495, 501, 502, 503, 504, 511, 512, 515, 518, 522, 525, 526, 529, 530, 533, 534, 535, 538, 539, 540, 542, 546, 547, 548, 549, 550, 551, 552, 553, 554, 555, 556, 557, 558, 559, 560, 561, 563, 567, 568, 571, 579, 580, 582, 583, 584, 585], "excluded_lines": [], "start_line": 202}, "CompileError": {"executed_lines": [], "summary": {"covered_lines": 0, "num_statements": 0, "percent_covered": 100.0, "percent_covered_display": "100", "missing_lines": 0, "excluded_lines": 0, "percent_statements_covered": 100.0, "percent_statements_covered_display": "100"}, "missing_lines": [], "excluded_lines": [], "start_line": 589}, "": {"executed_lines": [], "summary": {"covered_lines": 0, "num_statements": 95, "percent_covered": 0.0, "percent_covered_display": "0", "missing_lines": 95, "excluded_lines": 14, "percent_statements_covered": 0.0, "percent_statements_covered_display": "0"}, "missing_lines": [19, 20, 21, 22, 23, 24, 27, 28, 29, 32, 36, 37, 38, 41, 42, 43, 44, 45, 48, 51, 52, 53, 56, 57, 58, 59, 60, 61, 64, 65, 66, 69, 70, 71, 74, 75, 76, 79, 82, 83, 86, 87, 88, 89, 96, 99, 104, 107, 161, 164, 172, 202, 205, 206, 208, 224, 237, 253, 259, 263, 268, 282, 302, 312, 363, 392, 438, 453, 476, 497, 508, 520, 544, 565, 589, 592, 595, 597, 598, 600, 601, 602, 603, 604, 605, 607, 608, 609, 611, 612, 614, 615, 616, 617, 618], "excluded_lines": [91, 621, 622, 623, 624, 626, 627, 628, 630, 631, 632, 633, 634, 636], "start_line": 1}}}, "src/core/__init__.py": {"executed_lines": [6, 21, 42], "summary": {"covered_lines": 3, "num_statements": 3, "percent_covered": 100.0, "percent_covered_display": "100", "missing_lines": 0, "excluded_lines": 0, "percent_statements_covered": 100.0, "percent_statements_covered_display": "100"}, "missing_lines": [], "excluded_lines": [], "functions": {"": {"executed_lines": [6, 21, 42], "summary": {"covered_lines": 3, "num_statements": 3, "percent_covered": 100.0, "percent_covered_display": "100", "missing_lines": 0, "excluded_lines": 0, "percent_statements_covered": 100.0, "percent_statements_covered_display": "100"}, "missing_lines": [], "excluded_lines": [], "start_line": 1}}, "classes": {"": {"executed_lines": [6, 21, 42], "summary": {"covered_lines": 3, "num_statements": 3, "percent_covered": 100.0, "percent_covered_display": "100", "missing_lines": 0, "excluded_lines": 0, "percent_statements_covered": 100.0, "percent_statements_covered_display": "100"}, "missing_lines": [], "excluded_lines": [], "start_line": 1}}}, "src/core/ai.py": {"executed_lines": [7, 18, 21, 32, 35, 43], "summary": {"covered_lines": 6, "num_statements": 6, "percent_covered": 100.0, "percent_covered_display": "100", "missing_lines": 0, "excluded_lines": 0, "percent_statements_covered": 100.0, "percent_statements_covered_display": "100"}, "missing_lines": [], "excluded_lines": [], "functions": {"query": {"executed_lines": [18], "summary": {"covered_lines": 1, "num_statements": 1, "percent_covered": 100.0, "percent_covered_display": "100", "missing_lines": 0, "excluded_lines": 0, "percent_statements_covered": 100.0, "percent_statements_covered_display": "100"}, "missing_lines": [], "excluded_lines": [], "start_line": 7}, "eval": {"executed_lines": [32], "summary": {"covered_lines": 1, "num_statements": 1, "percent_covered": 100.0, "percent_covered_display": "100", "missing_lines": 0, "excluded_lines": 0, "percent_statements_covered": 100.0, "percent_statements_covered_display": "100"}, "missing_lines": [], "excluded_lines": [], "start_line": 21}, "suggest": {"executed_lines": [43], "summary": {"covered_lines": 1, "num_statements": 1, "percent_covered": 100.0, "percent_covered_display": "100", "missing_lines": 0, "excluded_lines": 0, "percent_statements_covered": 100.0, "percent_statements_covered_display": "100"}, "missing_lines": [], "excluded_lines": [], "start_line": 35}, "": {"executed_lines": [7, 21, 35], "summary": {"covered_lines": 3, "num_statements": 3, "percent_covered": 100.0, "percent_covered_display": "100", "missing_lines": 0, "excluded_lines": 0, "percent_statements_covered": 100.0, "percent_statements_covered_display": "100"}, "missing_lines": [], "excluded_lines": [], "start_line": 1}}, "classes": {"": {"executed_lines": [7, 18, 21, 32, 35, 43], "summary": {"covered_lines": 6, "num_statements": 6, "percent_covered": 100.0, "percent_covered_display": "100", "missing_lines": 0, "excluded_lines": 0, "percent_statements_covered": 100.0, "percent_statements_covered_display": "100"}, "missing_lines": [], "excluded_lines": [], "start_line": 1}}}, "src/core/errors.py": {"executed_lines": [6, 7, 8, 11, 14, 15, 16, 17, 18, 19, 20, 21, 22, 23, 26, 29, 30, 31, 32, 35, 36, 39, 40, 42, 43, 49, 61, 87, 88, 89, 90, 91, 92, 93, 94, 95, 96, 98, 100, 103, 104, 105, 108, 109, 110, 111, 112, 113, 114, 115, 118, 120, 123, 124, 127, 128, 129, 130, 132, 134, 136, 152, 155, 156, 157, 158, 161, 164, 165, 166, 167, 170, 173, 174, 175, 176, 179, 182, 183, 184, 185, 188, 191, 192, 193, 194, 197, 200, 201, 202, 203, 206, 209, 210, 211, 212, 215, 218, 219, 220, 221, 222, 225, 228, 229, 230, 231, 234, 237, 238, 239, 240, 241, 251, 254, 262, 263, 264, 265, 267, 279, 280, 281, 282, 283, 285, 288, 289, 291, 294, 295, 297, 299, 301, 303, 305, 307, 308, 310, 312, 313, 315, 317, 318, 319, 320, 322, 323, 324, 325, 327, 333, 343, 345, 346, 348, 349, 351, 352, 357, 367, 369, 370, 371, 373, 374, 375, 376, 377, 378, 380, 381, 382, 384, 385, 386, 388, 389, 390, 392, 393, 394, 396, 397, 398, 400, 401, 402, 404, 409, 450, 452], "summary": {"covered_lines": 192, "num_statements": 193, "percent_covered": 99.48186528497409, "percent_covered_display": "99", "missing_lines": 1, "excluded_lines": 2, "percent_statements_covered": 99.48186528497409, "percent_statements_covered_display": "99"}, "missing_lines": [354], "excluded_lines": [45, 46], "functions": {"ErrorCode.__str__": {"executed_lines": [43], "summary": {"covered_lines": 1, "num_statements": 1, "percent_covered": 100.0, "percent_covered_display": "100", "missing_lines": 0, "excluded_lines": 0, "percent_statements_covered": 100.0, "percent_statements_covered_display": "100"}, "missing_lines": [], "excluded_lines": [], "start_line": 42}, "ErrorCode.__repr__": {"executed_lines": [], "summary": {"covered_lines": 0, "num_statements": 0, "percent_covered": 100.0, "percent_covered_display": "100", "missing_lines": 0, "excluded_lines": 1, "percent_statements_covered": 100.0, "percent_statements_covered_display": "100"}, "missing_lines": [], "excluded_lines": [46], "start_line": 45}, "SyntariError.__init__": {"executed_lines": [87, 88, 89, 90, 91, 92, 93, 94, 95, 96], "summary": {"covered_lines": 10, "num_statements": 10, "percent_covered": 100.0, "percent_covered_display": "100", "missing_lines": 0, "excluded_lines": 0, "percent_statements_covered": 100.0, "percent_statements_covered_display": "100"}, "missing_lines": [], "excluded_lines": [], "start_line": 61}, "SyntariError.__str__": {"executed_lines": [100, 103, 104, 105, 108, 109, 110, 111, 112, 113, 114, 115, 118, 120, 123, 124, 127, 128, 129, 130, 132], "summary": {"covered_lines": 21, "num_statements": 21, "percent_covered": 100.0, "percent_covered_display": "100", "missing_lines": 0, "excluded_lines": 0, "percent_statements_covered": 100.0, "percent_statements_covered_display": "100"}, "missing_lines": [], "excluded_lines": [], "start_line": 98}, "SyntariError.to_dict": {"executed_lines": [136], "summary": {"covered_lines": 1, "num_statements": 1, "percent_covered": 100.0, "percent_covered_display": "100", "missing_lines": 0, "excluded_lines": 0, "percent_statements_covered": 100.0, "percent_statements_covered_display": "100"}, "missing_lines": [], "excluded_lines": [], "start_line": 134}, "LexerError.__init__": {"executed_lines": [156, 157, 158], "summary": {"covered_lines": 3, "num_statements": 3, "percent_covered": 100.0, "percent_covered_display": "100", "missing_lines": 0, "excluded_lines": 0, "percent_statements_covered": 100.0, "percent_statements_covered_display": "100"}, "missing_lines": [], "excluded_lines": [], "start_line": 155}, "ParseError.__init__": {"executed_lines": [165, 166, 167], "summary": {"covered_lines": 3, "num_statements": 3, "percent_covered": 100.0, "percent_covered_display": "100", "missing_lines": 0, "excluded_lines": 0, "percent_statements_covered": 100.0, "percent_statements_covered_display": "100"}, "missing_lines": [], "excluded_lines": [], "start_line": 164}, "RuntimeError.__init__": {"executed_lines": [174, 175, 176], "summary": {"covered_lines": 3, "num_statements": 3, "percent_covered": 100.0, "percent_covered_display": "100", "missing_lines": 0, "excluded_lines": 0, "percent_statements_covered": 100.0, "percent_statements_covered_display": "100"}, "missing_lines": [], "excluded_lines": [], "start_line": 173}, "TypeError.__init__": {"executed_lines": [183, 184, 185], "summary": {"covered_lines": 3, "num_statements": 3, "percent_covered": 100.0, "percent_covered_display": "100", "missing_lines": 0, "excluded_lines": 0, "percent_statements_covered": 100.0, "percent_statements_covered_display": "100"}, "missing_lines": [], "excluded_lines": [], "start_line": 182}, "ImportError.__init__": {"executed_lines": [192, 193, 194], "summary": {"covered_lines": 3, "num_statements": 3, "percent_covered": 100.0, "percent_covered_display": "100", "missing_lines": 0, "excluded_lines": 0, "percent_statements_covered": 100.0, "percent_statements_covered_display": "100"}, "missing_lines": [], "excluded_lines": [], "start_line": 191}, "IOError.__init__": {"executed_lines": [201, 202, 203], "summary": {"covered_lines": 3, "num_statements": 3, "percent_covered": 100.0, "percent_covered_display": "100", "missing_lines": 0, "excluded_lines": 0, "percent_statements_covered": 100.0, "percent_statements_covered_display": "100"}, "missing_lines": [], "excluded_lines": [], "start_line": 200}, "SystemError.__init__": {"executed_lines": [210, 211, 212], "summary": {"covered_lines": 3, "num_statements": 3, "percent_covered": 100.0, "percent_covered_display": "100", "missing_lines": 0, "excluded_lines": 0, "percent_statements_covered": 100.0, "percent_statements_covered_display": "100"}, "missing_lines": [], "excluded_lines": [], "start_line": 209}, "SecurityError.__init__": {"executed_lines": [219, 220, 221, 222], "summary": {"covered_lines": 4, "num_statements": 4, "percent_covered": 100.0, "percent_covered_display": "100", "missing_lines": 0, "excluded_lines": 0, "percent_statements_covered": 100.0, "percent_statements_covered_display": "100"}, "missing_lines": [], "excluded_lines": [], "start_line": 218}, "NetworkError.__init__": {"executed_lines": [229, 230, 231], "summary": {"covered_lines": 3, "num_statements": 3, "percent_covered": 100.0, "percent_covered_display": "100", "missing_lines": 0, "excluded_lines": 0, "percent_statements_covered": 100.0, "percent_statements_covered_display": "100"}, "missing_lines": [], "excluded_lines": [], "start_line": 228}, "InternalError.__init__": {"executed_lines": [238, 239, 240, 241], "summary": {"covered_lines": 4, "num_statements": 4, "percent_covered": 100.0, "percent_covered_display": "100", "missing_lines": 0, "excluded_lines": 0, "percent_statements_covered": 100.0, "percent_statements_covered_display": "100"}, "missing_lines": [], "excluded_lines": [], "start_line": 237}, "ErrorHandler.__init__": {"executed_lines": [262, 263, 264, 265], "summary": {"covered_lines": 4, "num_statements": 4, "percent_covered": 100.0, "percent_covered_display": "100", "missing_lines": 0, "excluded_lines": 0, "percent_statements_covered": 100.0, "percent_statements_covered_display": "100"}, "missing_lines": [], "excluded_lines": [], "start_line": 254}, "ErrorHandler.handle": {"executed_lines": [279, 280, 281, 282, 283, 285, 288, 289, 291, 294, 295], "summary": {"covered_lines": 11, "num_statements": 11, "percent_covered": 100.0, "percent_covered_display": "100", "missing_lines": 0, "excluded_lines": 0, "percent_statements_covered": 100.0, "percent_statements_covered_display": "100"}, "missing_lines": [], "excluded_lines": [], "start_line": 267}, "ErrorHandler.has_errors": {"executed_lines": [299], "summary": {"covered_lines": 1, "num_statements": 1, "percent_covered": 100.0, "percent_covered_display": "100", "missing_lines": 0, "excluded_lines": 0, "percent_statements_covered": 100.0, "percent_statements_covered_display": "100"}, "missing_lines": [], "excluded_lines": [], "start_line": 297}, "ErrorHandler.has_warnings": {"executed_lines": [303], "summary": {"covered_lines": 1, "num_statements": 1, "percent_covered": 100.0, "percent_covered_display": "100", "missing_lines": 0, "excluded_lines": 0, "percent_statements_covered": 100.0, "percent_statements_covered_display": "100"}, "missing_lines": [], "excluded_lines": [], "start_line": 301}, "ErrorHandler.clear": {"executed_lines": [307, 308], "summary": {"covered_lines": 2, "num_statements": 2, "percent_covered": 100.0, "percent_covered_display": "100", "missing_lines": 0, "excluded_lines": 0, "percent_statements_covered": 100.0, "percent_statements_covered_display": "100"}, "missing_lines": [], "excluded_lines": [], "start_line": 305}, "ErrorHandler.get_error_summary": {"executed_lines": [312, 313, 315, 317, 318, 319, 320, 322, 323, 324, 325, 327], "summary": {"covered_lines": 12, "num_statements": 12, "percent_covered": 100.0, "percent_covered_display": "100", "missing_lines": 0, "excluded_lines": 0, "percent_statements_covered": 100.0, "percent_statements_covered_display": "100"}, "missing_lines": [], "excluded_lines": [], "start_line": 310}, "recover_from_syntax_error": {"executed_lines": [343, 345, 346, 348, 349, 351, 352], "summary": {"covered_lines": 7, "num_statements": 8, "percent_covered": 87.5, "percent_covered_display": "88", "missing_lines": 1, "excluded_lines": 0, "percent_statements_covered": 87.5, "percent_statements_covered_display": "88"}, "missing_lines": [354], "excluded_lines": [], "start_line": 333}, "suggest_fix": {"executed_lines": [367, 369, 370, 371, 373, 374, 375, 376, 377, 378, 380, 381, 382, 384, 385, 386, 388, 389, 390, 392, 393, 394, 396, 397, 398, 400, 401, 402, 404], "summary": {"covered_lines": 29, "num_statements": 29, "percent_covered": 100.0, "percent_covered_display": "100", "missing_lines": 0, "excluded_lines": 0, "percent_statements_covered": 100.0, "percent_statements_covered_display": "100"}, "missing_lines": [], "excluded_lines": [], "start_line": 357}, "get_error_code": {"executed_lines": [452], "summary": {"covered_lines": 1, "num_statements": 1, "percent_covered": 100.0, "percent_covered_display": "100", "missing_lines": 0, "excluded_lines": 0, "percent_statements_covered": 100.0, "percent_statements_covered_display": "100"}, "missing_lines": [], "excluded_lines": [], "start_line": 450}, "": {"executed_lines": [6, 7, 8, 11, 14, 15, 16, 17, 18, 19, 20, 21, 22, 23, 26, 29, 30, 31, 32, 35, 36, 39, 40, 42, 49, 61, 98, 134, 152, 155, 161, 164, 170, 173, 179, 182, 188, 191, 197, 200, 206, 209, 215, 218, 225, 228, 234, 237, 251, 254, 267, 297, 301, 305, 310, 333, 357, 409, 450], "summary": {"covered_lines": 59, "num_statements": 59, "percent_covered": 100.0, "percent_covered_display": "100", "missing_lines": 0, "excluded_lines": 1, "percent_statements_covered": 100.0, "percent_statements_covered_display": "100"}, "missing_lines": [], "excluded_lines": [45], "start_line": 1}}, "classes": {"ErrorCategory": {"executed_lines": [], "summary": {"covered_lines": 0, "num_statements": 0, "percent_covered": 100.0, "percent_covered_display": "100", "missing_lines": 0, "excluded_lines": 0, "percent_statements_covered": 100.0, "percent_statements_covered_display": "100"}, "missing_lines": [], "excluded_lines": [], "start_line": 11}, "ErrorSeverity": {"executed_lines": [], "summary": {"covered_lines": 0, "num_statements": 0, "percent_covered": 100.0, "percent_covered_display": "100", "missing_lines": 0, "excluded_lines": 0, "percent_statements_covered": 100.0, "percent_statements_covered_display": "100"}, "missing_lines": [], "excluded_lines": [], "start_line": 26}, "ErrorCode": {"executed_lines": [43], "summary": {"covered_lines": 1, "num_statements": 1, "percent_covered": 100.0, "percent_covered_display": "100", "missing_lines": 0, "excluded_lines": 1, "percent_statements_covered": 100.0, "percent_statements_covered_display": "100"}, "missing_lines": [], "excluded_lines": [46], "start_line": 36}, "SyntariError": {"executed_lines": [87, 88, 89, 90, 91, 92, 93, 94, 95, 96, 100, 103, 104, 105, 108, 109, 110, 111, 112, 113, 114, 115, 118, 120, 123, 124, 127, 128, 129, 130, 132, 136], "summary": {"covered_lines": 32, "num_statements": 32, "percent_covered": 100.0, "percent_covered_display": "100", "missing_lines": 0, "excluded_lines": 0, "percent_statements_covered": 100.0, "percent_statements_covered_display": "100"}, "missing_lines": [], "excluded_lines": [], "start_line": 49}, "LexerError": {"executed_lines": [156, 157, 158], "summary": {"covered_lines": 3, "num_statements": 3, "percent_covered": 100.0, "percent_covered_display": "100", "missing_lines": 0, "excluded_lines": 0, "percent_statements_covered": 100.0, "percent_statements_covered_display": "100"}, "missing_lines": [], "excluded_lines": [], "start_line": 152}, "ParseError": {"executed_lines": [165, 166, 167], "summary": {"covered_lines": 3, "num_statements": 3, "percent_covered": 100.0, "percent_covered_display": "100", "missing_lines": 0, "excluded_lines": 0, "percent_statements_covered": 100.0, "percent_statements_covered_display": "100"}, "missing_lines": [], "excluded_lines": [], "start_line": 161}, "RuntimeError": {"executed_lines": [174, 175, 176], "summary": {"covered_lines": 3, "num_statements": 3, "percent_covered": 100.0, "percent_covered_display": "100", "missing_lines": 0, "excluded_lines": 0, "percent_statements_covered": 100.0, "percent_statements_covered_display": "100"}, "missing_lines": [], "excluded_lines": [], "start_line": 170}, "TypeError": {"executed_lines": [183, 184, 185], "summary": {"covered_lines": 3, "num_statements": 3, "percent_covered": 100.0, "percent_covered_display": "100", "missing_lines": 0, "excluded_lines": 0, "percent_statements_covered": 100.0, "percent_statements_covered_display": "100"}, "missing_lines": [], "excluded_lines": [], "start_line": 179}, "ImportError": {"executed_lines": [192, 193, 194], "summary": {"covered_lines": 3, "num_statements": 3, "percent_covered": 100.0, "percent_covered_display": "100", "missing_lines": 0, "excluded_lines": 0, "percent_statements_covered": 100.0, "percent_statements_covered_display": "100"}, "missing_lines": [], "excluded_lines": [], "start_line": 188}, "IOError": {"executed_lines": [201, 202, 203], "summary": {"covered_lines": 3, "num_statements": 3, "percent_covered": 100.0, "percent_covered_display": "100", "missing_lines": 0, "excluded_lines": 0, "percent_statements_covered": 100.0, "percent_statements_covered_display": "100"}, "missing_lines": [], "excluded_lines": [], "start_line": 197}, "SystemError": {"executed_lines": [210, 211, 212], "summary": {"covered_lines": 3, "num_statements": 3, "percent_covered": 100.0, "percent_covered_display": "100", "missing_lines": 0, "excluded_lines": 0, "percent_statements_covered": 100.0, "percent_statements_covered_display": "100"}, "missing_lines": [], "excluded_lines": [], "start_line": 206}, "SecurityError": {"executed_lines": [219, 220, 221, 222], "summary": {"covered_lines": 4, "num_statements": 4, "percent_covered": 100.0, "percent_covered_display": "100", "missing_lines": 0, "excluded_lines": 0, "percent_statements_covered": 100.0, "percent_statements_covered_display": "100"}, "missing_lines": [], "excluded_lines": [], "start_line": 215}, "NetworkError": {"executed_lines": [229, 230, 231], "summary": {"covered_lines": 3, "num_statements": 3, "percent_covered": 100.0, "percent_covered_display": "100", "missing_lines": 0, "excluded_lines": 0, "percent_statements_covered": 100.0, "percent_statements_covered_display": "100"}, "missing_lines": [], "excluded_lines": [], "start_line": 225}, "InternalError": {"executed_lines": [238, 239, 240, 241], "summary": {"covered_lines": 4, "num_statements": 4, "percent_covered": 100.0, "percent_covered_display": "100", "missing_lines": 0, "excluded_lines": 0, "percent_statements_covered": 100.0, "percent_statements_covered_display": "100"}, "missing_lines": [], "excluded_lines": [], "start_line": 234}, "ErrorHandler": {"executed_lines": [262, 263, 264, 265, 279, 280, 281, 282, 283, 285, 288, 289, 291, 294, 295, 299, 303, 307, 308, 312, 313, 315, 317, 318, 319, 320, 322, 323, 324, 325, 327], "summary": {"covered_lines": 31, "num_statements": 31, "percent_covered": 100.0, "percent_covered_display": "100", "missing_lines": 0, "excluded_lines": 0, "percent_statements_covered": 100.0, "percent_statements_covered_display": "100"}, "missing_lines": [], "excluded_lines": [], "start_line": 251}, "": {"executed_lines": [6, 7, 8, 11, 14, 15, 16, 17, 18, 19, 20, 21, 22, 23, 26, 29, 30, 31, 32, 35, 36, 39, 40, 42, 49, 61, 98, 134, 152, 155, 161, 164, 170, 173, 179, 182, 188, 191, 197, 200, 206, 209, 215, 218, 225, 228, 234, 237, 251, 254, 267, 297, 301, 305, 310, 333, 343, 345, 346, 348, 349, 351, 352, 357, 367, 369, 370, 371, 373, 374, 375, 376, 377, 378, 380, 381, 382, 384, 385, 386, 388, 389, 390, 392, 393, 394, 396, 397, 398, 400, 401, 402, 404, 409, 450, 452], "summary": {"covered_lines": 96, "num_statements": 97, "percent_covered": 98.96907216494846, "percent_covered_display": "99", "missing_lines": 1, "excluded_lines": 1, "percent_statements_covered": 98.96907216494846, "percent_statements_covered_display": "99"}, "missing_lines": [354], "excluded_lines": [45], "start_line": 1}}}, "src/core/logging.py": {"executed_lines": [6, 7, 8, 9, 10, 11, 12, 13, 16, 19, 20, 21, 22, 23, 26, 29, 30, 31, 34, 47, 69, 70, 71, 72, 75, 76, 77, 80, 81, 82, 83, 84, 87, 88, 89, 91, 97, 98, 99, 101, 103, 104, 105, 106, 108, 113, 115, 117, 119, 120, 122, 124, 126, 128, 129, 132, 134, 135, 136, 137, 138, 140, 142, 144, 145, 147, 149, 150, 152, 154, 155, 157, 159, 160, 162, 164, 165, 167, 169, 170, 172, 174, 175, 176, 177, 180, 183, 185, 196, 197, 200, 201, 224, 226, 229, 232, 234, 245, 246, 269, 272, 275, 276, 277, 279, 282, 285, 286, 287, 289, 291, 292, 294, 296, 303, 305, 306, 314, 316, 317, 319, 320, 328, 330, 331, 332, 340, 343, 363, 364, 371, 374, 391, 401, 403, 406, 408, 411, 413, 416, 418, 421, 423, 426, 428], "summary": {"covered_lines": 145, "num_statements": 145, "percent_covered": 100.0, "percent_covered_display": "100", "missing_lines": 0, "excluded_lines": 0, "percent_statements_covered": 100.0, "percent_statements_covered_display": "100"}, "missing_lines": [], "excluded_lines": [], "functions": {"SyntariLogger.__init__": {"executed_lines": [69, 70, 71, 72, 75, 76, 77, 80, 81, 82, 83, 84, 87, 88, 89, 91, 97, 98, 99], "summary": {"covered_lines": 19, "num_statements": 19, "percent_covered": 100.0, "percent_covered_display": "100", "missing_lines": 0, "excluded_lines": 0, "percent_statements_covered": 100.0, "percent_statements_covered_display": "100"}, "missing_lines": [], "excluded_lines": [], "start_line": 47}, "SyntariLogger._get_formatter": {"executed_lines": [103, 104, 105, 106, 108], "summary": {"covered_lines": 5, "num_statements": 5, "percent_covered": 100.0, "percent_covered_display": "100", "missing_lines": 0, "excluded_lines": 0, "percent_statements_covered": 100.0, "percent_statements_covered_display": "100"}, "missing_lines": [], "excluded_lines": [], "start_line": 101}, "SyntariLogger.add_context": {"executed_lines": [115], "summary": {"covered_lines": 1, "num_statements": 1, "percent_covered": 100.0, "percent_covered_display": "100", "missing_lines": 0, "excluded_lines": 0, "percent_statements_covered": 100.0, "percent_statements_covered_display": "100"}, "missing_lines": [], "excluded_lines": [], "start_line": 113}, "SyntariLogger.remove_context": {"executed_lines": [119, 120], "summary": {"covered_lines": 2, "num_statements": 2, "percent_covered": 100.0, "percent_covered_display": "100", "missing_lines": 0, "excluded_lines": 0, "percent_statements_covered": 100.0, "percent_statements_covered_display": "100"}, "missing_lines": [], "excluded_lines": [], "start_line": 117}, "SyntariLogger.clear_context": {"executed_lines": [124], "summary": {"covered_lines": 1, "num_statements": 1, "percent_covered": 100.0, "percent_covered_display": "100", "missing_lines": 0, "excluded_lines": 0, "percent_statements_covered": 100.0, "percent_statements_covered_display": "100"}, "missing_lines": [], "excluded_lines": [], "start_line": 122}, "SyntariLogger._build_message": {"executed_lines": [128, 129, 132, 134, 135, 136, 137, 138, 140], "summary": {"covered_lines": 9, "num_statements": 9, "percent_covered": 100.0, "percent_covered_display": "100", "missing_lines": 0, "excluded_lines": 0, "percent_statements_covered": 100.0, "percent_statements_covered_display": "100"}, "missing_lines": [], "excluded_lines": [], "start_line": 126}, "SyntariLogger.debug": {"executed_lines": [144, 145], "summary": {"covered_lines": 2, "num_statements": 2, "percent_covered": 100.0, "percent_covered_display": "100", "missing_lines": 0, "excluded_lines": 0, "percent_statements_covered": 100.0, "percent_statements_covered_display": "100"}, "missing_lines": [], "excluded_lines": [], "start_line": 142}, "SyntariLogger.info": {"executed_lines": [149, 150], "summary": {"covered_lines": 2, "num_statements": 2, "percent_covered": 100.0, "percent_covered_display": "100", "missing_lines": 0, "excluded_lines": 0, "percent_statements_covered": 100.0, "percent_statements_covered_display": "100"}, "missing_lines": [], "excluded_lines": [], "start_line": 147}, "SyntariLogger.warning": {"executed_lines": [154, 155], "summary": {"covered_lines": 2, "num_statements": 2, "percent_covered": 100.0, "percent_covered_display": "100", "missing_lines": 0, "excluded_lines": 0, "percent_statements_covered": 100.0, "percent_statements_covered_display": "100"}, "missing_lines": [], "excluded_lines": [], "start_line": 152}, "SyntariLogger.error": {"executed_lines": [159, 160], "summary": {"covered_lines": 2, "num_statements": 2, "percent_covered": 100.0, "percent_covered_display": "100", "missing_lines": 0, "excluded_lines": 0, "percent_statements_covered": 100.0, "percent_statements_covered_display": "100"}, "missing_lines": [], "excluded_lines": [], "start_line": 157}, "SyntariLogger.critical": {"executed_lines": [164, 165], "summary": {"covered_lines": 2, "num_statements": 2, "percent_covered": 100.0, "percent_covered_display": "100", "missing_lines": 0, "excluded_lines": 0, "percent_statements_covered": 100.0, "percent_statements_covered_display": "100"}, "missing_lines": [], "excluded_lines": [], "start_line": 162}, "SyntariLogger.exception": {"executed_lines": [169, 170], "summary": {"covered_lines": 2, "num_statements": 2, "percent_covered": 100.0, "percent_covered_display": "100", "missing_lines": 0, "excluded_lines": 0, "percent_statements_covered": 100.0, "percent_statements_covered_display": "100"}, "missing_lines": [], "excluded_lines": [], "start_line": 167}, "SyntariLogger.set_level": {"executed_lines": [174, 175, 176, 177], "summary": {"covered_lines": 4, "num_statements": 4, "percent_covered": 100.0, "percent_covered_display": "100", "missing_lines": 0, "excluded_lines": 0, "percent_statements_covered": 100.0, "percent_statements_covered_display": "100"}, "missing_lines": [], "excluded_lines": [], "start_line": 172}, "JsonFormatter.format": {"executed_lines": [185, 196, 197, 200, 201, 224, 226], "summary": {"covered_lines": 7, "num_statements": 7, "percent_covered": 100.0, "percent_covered_display": "100", "missing_lines": 0, "excluded_lines": 0, "percent_statements_covered": 100.0, "percent_statements_covered_display": "100"}, "missing_lines": [], "excluded_lines": [], "start_line": 183}, "StructuredFormatter.format": {"executed_lines": [234, 245, 246, 269, 272, 275, 276, 277, 279], "summary": {"covered_lines": 9, "num_statements": 9, "percent_covered": 100.0, "percent_covered_display": "100", "missing_lines": 0, "excluded_lines": 0, "percent_statements_covered": 100.0, "percent_statements_covered_display": "100"}, "missing_lines": [], "excluded_lines": [], "start_line": 232}, "PerformanceLogger.__init__": {"executed_lines": [286, 287], "summary": {"covered_lines": 2, "num_statements": 2, "percent_covered": 100.0, "percent_covered_display": "100", "missing_lines": 0, "excluded_lines": 0, "percent_statements_covered": 100.0, "percent_statements_covered_display": "100"}, "missing_lines": [], "excluded_lines": [], "start_line": 285}, "PerformanceLogger.log_execution_time": {"executed_lines": [291, 292, 294, 296], "summary": {"covered_lines": 4, "num_statements": 4, "percent_covered": 100.0, "percent_covered_display": "100", "missing_lines": 0, "excluded_lines": 0, "percent_statements_covered": 100.0, "percent_statements_covered_display": "100"}, "missing_lines": [], "excluded_lines": [], "start_line": 289}, "PerformanceLogger.log_memory_usage": {"executed_lines": [305, 306], "summary": {"covered_lines": 2, "num_statements": 2, "percent_covered": 100.0, "percent_covered_display": "100", "missing_lines": 0, "excluded_lines": 0, "percent_statements_covered": 100.0, "percent_statements_covered_display": "100"}, "missing_lines": [], "excluded_lines": [], "start_line": 303}, "PerformanceLogger.get_stats": {"executed_lines": [316, 317, 319, 320], "summary": {"covered_lines": 4, "num_statements": 4, "percent_covered": 100.0, "percent_covered_display": "100", "missing_lines": 0, "excluded_lines": 0, "percent_statements_covered": 100.0, "percent_statements_covered_display": "100"}, "missing_lines": [], "excluded_lines": [], "start_line": 314}, "PerformanceLogger.log_stats": {"executed_lines": [330, 331, 332], "summary": {"covered_lines": 3, "num_statements": 3, "percent_covered": 100.0, "percent_covered_display": "100", "missing_lines": 0, "excluded_lines": 0, "percent_statements_covered": 100.0, "percent_statements_covered_display": "100"}, "missing_lines": [], "excluded_lines": [], "start_line": 328}, "get_logger": {"executed_lines": [363, 364, 371], "summary": {"covered_lines": 3, "num_statements": 3, "percent_covered": 100.0, "percent_covered_display": "100", "missing_lines": 0, "excluded_lines": 0, "percent_statements_covered": 100.0, "percent_statements_covered_display": "100"}, "missing_lines": [], "excluded_lines": [], "start_line": 343}, "configure_logging": {"executed_lines": [391], "summary": {"covered_lines": 1, "num_statements": 1, "percent_covered": 100.0, "percent_covered_display": "100", "missing_lines": 0, "excluded_lines": 0, "percent_statements_covered": 100.0, "percent_statements_covered_display": "100"}, "missing_lines": [], "excluded_lines": [], "start_line": 374}, "debug": {"executed_lines": [403], "summary": {"covered_lines": 1, "num_statements": 1, "percent_covered": 100.0, "percent_covered_display": "100", "missing_lines": 0, "excluded_lines": 0, "percent_statements_covered": 100.0, "percent_statements_covered_display": "100"}, "missing_lines": [], "excluded_lines": [], "start_line": 401}, "info": {"executed_lines": [408], "summary": {"covered_lines": 1, "num_statements": 1, "percent_covered": 100.0, "percent_covered_display": "100", "missing_lines": 0, "excluded_lines": 0, "percent_statements_covered": 100.0, "percent_statements_covered_display": "100"}, "missing_lines": [], "excluded_lines": [], "start_line": 406}, "warning": {"executed_lines": [413], "summary": {"covered_lines": 1, "num_statements": 1, "percent_covered": 100.0, "percent_covered_display": "100", "missing_lines": 0, "excluded_lines": 0, "percent_statements_covered": 100.0, "percent_statements_covered_display": "100"}, "missing_lines": [], "excluded_lines": [], "start_line": 411}, "error": {"executed_lines": [418], "summary": {"covered_lines": 1, "num_statements": 1, "percent_covered": 100.0, "percent_covered_display": "100", "missing_lines": 0, "excluded_lines": 0, "percent_statements_covered": 100.0, "percent_statements_covered_display": "100"}, "missing_lines": [], "excluded_lines": [], "start_line": 416}, "critical": {"executed_lines": [423], "summary": {"covered_lines": 1, "num_statements": 1, "percent_covered": 100.0, "percent_covered_display": "100", "missing_lines": 0, "excluded_lines": 0, "percent_statements_covered": 100.0, "percent_statements_covered_display": "100"}, "missing_lines": [], "excluded_lines": [], "start_line": 421}, "exception": {"executed_lines": [428], "summary": {"covered_lines": 1, "num_statements": 1, "percent_covered": 100.0, "percent_covered_display": "100", "missing_lines": 0, "excluded_lines": 0, "percent_statements_covered": 100.0, "percent_statements_covered_display": "100"}, "missing_lines": [], "excluded_lines": [], "start_line": 426}, "": {"executed_lines": [6, 7, 8, 9, 10, 11, 12, 13, 16, 19, 20, 21, 22, 23, 26, 29, 30, 31, 34, 47, 101, 113, 117, 122, 126, 142, 147, 152, 157, 162, 167, 172, 180, 183, 229, 232, 282, 285, 289, 303, 314, 328, 340, 343, 374, 401, 406, 411, 416, 421, 426], "summary": {"covered_lines": 51, "num_statements": 51, "percent_covered": 100.0, "percent_covered_display": "100", "missing_lines": 0, "excluded_lines": 0, "percent_statements_covered": 100.0, "percent_statements_covered_display": "100"}, "missing_lines": [], "excluded_lines": [], "start_line": 1}}, "classes": {"LogLevel": {"executed_lines": [], "summary": {"covered_lines": 0, "num_statements": 0, "percent_covered": 100.0, "percent_covered_display": "100", "missing_lines": 0, "excluded_lines": 0, "percent_statements_covered": 100.0, "percent_statements_covered_display": "100"}, "missing_lines": [], "excluded_lines": [], "start_line": 16}, "LogFormat": {"executed_lines": [], "summary": {"covered_lines": 0, "num_statements": 0, "percent_covered": 100.0, "percent_covered_display": "100", "missing_lines": 0, "excluded_lines": 0, "percent_statements_covered": 100.0, "percent_statements_covered_display": "100"}, "missing_lines": [], "excluded_lines": [], "start_line": 26}, "SyntariLogger": {"executed_lines": [69, 70, 71, 72, 75, 76, 77, 80, 81, 82, 83, 84, 87, 88, 89, 91, 97, 98, 99, 103, 104, 105, 106, 108, 115, 119, 120, 124, 128, 129, 132, 134, 135, 136, 137, 138, 140, 144, 145, 149, 150, 154, 155, 159, 160, 164, 165, 169, 170, 174, 175, 176, 177], "summary": {"covered_lines": 53, "num_statements": 53, "percent_covered": 100.0, "percent_covered_display": "100", "missing_lines": 0, "excluded_lines": 0, "percent_statements_covered": 100.0, "percent_statements_covered_display": "100"}, "missing_lines": [], "excluded_lines": [], "start_line": 34}, "JsonFormatter": {"executed_lines": [185, 196, 197, 200, 201, 224, 226], "summary": {"covered_lines": 7, "num_statements": 7, "percent_covered": 100.0, "percent_covered_display": "100", "missing_lines": 0, "excluded_lines": 0, "percent_statements_covered": 100.0, "percent_statements_covered_display": "100"}, "missing_lines": [], "excluded_lines": [], "start_line": 180}, "StructuredFormatter": {"executed_lines": [234, 245, 246, 269, 272, 275, 276, 277, 279], "summary": {"covered_lines": 9, "num_statements": 9, "percent_covered": 100.0, "percent_covered_display": "100", "missing_lines": 0, "excluded_lines": 0, "percent_statements_covered": 100.0, "percent_statements_covered_display": "100"}, "missing_lines": [], "excluded_lines": [], "start_line": 229}, "PerformanceLogger": {"executed_lines": [286, 287, 291, 292, 294, 296, 305, 306, 316, 317, 319, 320, 330, 331, 332], "summary": {"covered_lines": 15, "num_statements": 15, "percent_covered": 100.0, "percent_covered_display": "100", "missing_lines": 0, "excluded_lines": 0, "percent_statements_covered": 100.0, "percent_statements_covered_display": "100"}, "missing_lines": [], "excluded_lines": [], "start_line": 282}, "": {"executed_lines": [6, 7, 8, 9, 10, 11, 12, 13, 16, 19, 20, 21, 22, 23, 26, 29, 30, 31, 34, 47, 101, 113, 117, 122, 126, 142, 147, 152, 157, 162, 167, 172, 180, 183, 229, 232, 282, 285, 289, 303, 314, 328, 340, 343, 363, 364, 371, 374, 391, 401, 403, 406, 408, 411, 413, 416, 418, 421, 423, 426, 428], "summary": {"covered_lines": 61, "num_statements": 61, "percent_covered": 100.0, "percent_covered_display": "100", "missing_lines": 0, "excluded_lines": 0, "percent_statements_covered": 100.0, "percent_statements_covered_display": "100"}, "missing_lines": [], "excluded_lines": [], "start_line": 1}}}, "src/core/net.py": {"executed_lines": [8, 9, 10, 11, 12, 13, 15, 18, 38, 41, 42, 43, 44, 46, 48, 49, 50, 51, 53, 55, 61, 64, 67, 70, 71, 72, 75, 78, 81, 84, 88, 100, 103, 113, 114, 117, 118, 123, 124, 127, 129, 130, 133, 134, 135, 139, 143, 144, 146, 152, 154, 156, 160, 174, 177, 178, 180, 181, 184, 185, 190, 191, 194, 195, 198, 199, 200, 202, 203, 204, 208, 210, 212, 216, 234, 236, 237, 240, 245, 246, 247, 248, 250, 252, 253, 254, 255, 262, 286, 288, 290, 291, 292, 294, 295, 298, 299, 300, 303, 308, 309, 310, 311, 313, 325, 349, 351, 353, 354, 355, 361, 362, 363, 366, 371, 372, 373, 374, 376, 388, 408, 410, 411, 414, 419, 420, 421, 422, 424, 436, 443, 444, 445, 446, 448, 464, 474, 475, 478, 491, 492, 495, 502, 503, 506, 511, 513, 514, 515, 521, 523, 524, 525, 526, 527, 530, 532, 533, 534, 540, 541, 548, 550, 551, 552, 558, 559, 566, 568, 569, 570, 576, 577, 584, 586], "summary": {"covered_lines": 175, "num_statements": 236, "percent_covered": 74.15254237288136, "percent_covered_display": "74", "missing_lines": 61, "excluded_lines": 5, "percent_statements_covered": 74.15254237288136, "percent_statements_covered_display": "74"}, "missing_lines": [147, 148, 149, 157, 213, 241, 242, 256, 257, 258, 259, 304, 305, 315, 316, 317, 318, 319, 320, 321, 322, 357, 358, 367, 368, 378, 379, 380, 381, 382, 383, 384, 385, 415, 416, 426, 427, 428, 429, 430, 431, 432, 433, 497, 498, 499, 500, 504, 507, 542, 543, 544, 545, 560, 561, 562, 563, 578, 579, 580, 581], "excluded_lines": [57, 58, 458, 476, 493], "functions": {"HTTPResponse.__init__": {"executed_lines": [42, 43, 44], "summary": {"covered_lines": 3, "num_statements": 3, "percent_covered": 100.0, "percent_covered_display": "100", "missing_lines": 0, "excluded_lines": 0, "percent_statements_covered": 100.0, "percent_statements_covered_display": "100"}, "missing_lines": [], "excluded_lines": [], "start_line": 41}, "HTTPResponse.json": {"executed_lines": [48, 49, 50, 51], "summary": {"covered_lines": 4, "num_statements": 4, "percent_covered": 100.0, "percent_covered_display": "100", "missing_lines": 0, "excluded_lines": 0, "percent_statements_covered": 100.0, "percent_statements_covered_display": "100"}, "missing_lines": [], "excluded_lines": [], "start_line": 46}, "HTTPResponse.text": {"executed_lines": [55], "summary": {"covered_lines": 1, "num_statements": 1, "percent_covered": 100.0, "percent_covered_display": "100", "missing_lines": 0, "excluded_lines": 0, "percent_statements_covered": 100.0, "percent_statements_covered_display": "100"}, "missing_lines": [], "excluded_lines": [], "start_line": 53}, "HTTPResponse.__repr__": {"executed_lines": [], "summary": {"covered_lines": 0, "num_statements": 0, "percent_covered": 100.0, "percent_covered_display": "100", "missing_lines": 0, "excluded_lines": 1, "percent_statements_covered": 100.0, "percent_statements_covered_display": "100"}, "missing_lines": [], "excluded_lines": [58], "start_line": 57}, "HTTPError.__init__": {"executed_lines": [71, 72], "summary": {"covered_lines": 2, "num_statements": 2, "percent_covered": 100.0, "percent_covered_display": "100", "missing_lines": 0, "excluded_lines": 0, "percent_statements_covered": 100.0, "percent_statements_covered_display": "100"}, "missing_lines": [], "excluded_lines": [], "start_line": 70}, "_validate_url": {"executed_lines": [113, 114, 117, 118, 123, 124, 127, 129, 130, 133, 134, 135, 139, 143, 144, 146, 152, 154, 156], "summary": {"covered_lines": 19, "num_statements": 23, "percent_covered": 82.6086956521739, "percent_covered_display": "83", "missing_lines": 4, "excluded_lines": 0, "percent_statements_covered": 82.6086956521739, "percent_statements_covered_display": "83"}, "missing_lines": [147, 148, 149, 157], "excluded_lines": [], "start_line": 103}, "_validate_url_for_tests": {"executed_lines": [174, 177, 178, 180, 181, 184, 185, 190, 191, 194, 195, 198, 199, 200, 202, 203, 204, 208, 210, 212], "summary": {"covered_lines": 20, "num_statements": 21, "percent_covered": 95.23809523809524, "percent_covered_display": "95", "missing_lines": 1, "excluded_lines": 0, "percent_statements_covered": 95.23809523809524, "percent_statements_covered_display": "95"}, "missing_lines": [213], "excluded_lines": [], "start_line": 160}, "http_get": {"executed_lines": [234, 236, 237, 240, 245, 246, 247, 248, 250, 252, 253, 254, 255], "summary": {"covered_lines": 13, "num_statements": 19, "percent_covered": 68.42105263157895, "percent_covered_display": "68", "missing_lines": 6, "excluded_lines": 0, "percent_statements_covered": 68.42105263157895, "percent_statements_covered_display": "68"}, "missing_lines": [241, 242, 256, 257, 258, 259], "excluded_lines": [], "start_line": 216}, "http_post": {"executed_lines": [286, 288, 290, 291, 292, 294, 295, 298, 299, 300, 303, 308, 309, 310, 311, 313], "summary": {"covered_lines": 16, "num_statements": 26, "percent_covered": 61.53846153846154, "percent_covered_display": "62", "missing_lines": 10, "excluded_lines": 0, "percent_statements_covered": 61.53846153846154, "percent_statements_covered_display": "62"}, "missing_lines": [304, 305, 315, 316, 317, 318, 319, 320, 321, 322], "excluded_lines": [], "start_line": 262}, "http_put": {"executed_lines": [349, 351, 353, 354, 355, 361, 362, 363, 366, 371, 372, 373, 374, 376], "summary": {"covered_lines": 14, "num_statements": 26, "percent_covered": 53.84615384615385, "percent_covered_display": "54", "missing_lines": 12, "excluded_lines": 0, "percent_statements_covered": 53.84615384615385, "percent_statements_covered_display": "54"}, "missing_lines": [357, 358, 367, 368, 378, 379, 380, 381, 382, 383, 384, 385], "excluded_lines": [], "start_line": 325}, "http_delete": {"executed_lines": [408, 410, 411, 414, 419, 420, 421, 422, 424], "summary": {"covered_lines": 9, "num_statements": 19, "percent_covered": 47.36842105263158, "percent_covered_display": "47", "missing_lines": 10, "excluded_lines": 0, "percent_statements_covered": 47.36842105263158, "percent_statements_covered_display": "47"}, "missing_lines": [415, 416, 426, 427, 428, 429, 430, 431, 432, 433], "excluded_lines": [], "start_line": 388}, "WebSocket.__init__": {"executed_lines": [444, 445, 446], "summary": {"covered_lines": 3, "num_statements": 3, "percent_covered": 100.0, "percent_covered_display": "100", "missing_lines": 0, "excluded_lines": 0, "percent_statements_covered": 100.0, "percent_statements_covered_display": "100"}, "missing_lines": [], "excluded_lines": [], "start_line": 443}, "WebSocket.connect": {"executed_lines": [], "summary": {"covered_lines": 0, "num_statements": 0, "percent_covered": 100.0, "percent_covered_display": "100", "missing_lines": 0, "excluded_lines": 1, "percent_statements_covered": 100.0, "percent_statements_covered_display": "100"}, "missing_lines": [], "excluded_lines": [458], "start_line": 448}, "WebSocket.send": {"executed_lines": [474, 475], "summary": {"covered_lines": 2, "num_statements": 2, "percent_covered": 100.0, "percent_covered_display": "100", "missing_lines": 0, "excluded_lines": 1, "percent_statements_covered": 100.0, "percent_statements_covered_display": "100"}, "missing_lines": [], "excluded_lines": [476], "start_line": 464}, "WebSocket.receive": {"executed_lines": [491, 492], "summary": {"covered_lines": 2, "num_statements": 2, "percent_covered": 100.0, "percent_covered_display": "100", "missing_lines": 0, "excluded_lines": 1, "percent_statements_covered": 100.0, "percent_statements_covered_display": "100"}, "missing_lines": [], "excluded_lines": [493], "start_line": 478}, "WebSocket.close": {"executed_lines": [], "summary": {"covered_lines": 0, "num_statements": 4, "percent_covered": 0.0, "percent_covered_display": "0", "missing_lines": 4, "excluded_lines": 0, "percent_statements_covered": 0.0, "percent_statements_covered_display": "0"}, "missing_lines": [497, 498, 499, 500], "excluded_lines": [], "start_line": 495}, "WebSocket.__enter__": {"executed_lines": [503], "summary": {"covered_lines": 1, "num_statements": 2, "percent_covered": 50.0, "percent_covered_display": "50", "missing_lines": 1, "excluded_lines": 0, "percent_statements_covered": 50.0, "percent_statements_covered_display": "50"}, "missing_lines": [504], "excluded_lines": [], "start_line": 502}, "WebSocket.__exit__": {"executed_lines": [], "summary": {"covered_lines": 0, "num_statements": 1, "percent_covered": 0.0, "percent_covered_display": "0", "missing_lines": 1, "excluded_lines": 0, "percent_statements_covered": 0.0, "percent_statements_covered_display": "0"}, "missing_lines": [507], "excluded_lines": [], "start_line": 506}, "net_get": {"executed_lines": [513, 514, 515, 521, 523, 524, 525, 526, 527], "summary": {"covered_lines": 9, "num_statements": 9, "percent_covered": 100.0, "percent_covered_display": "100", "missing_lines": 0, "excluded_lines": 0, "percent_statements_covered": 100.0, "percent_statements_covered_display": "100"}, "missing_lines": [], "excluded_lines": [], "start_line": 511}, "net_post": {"executed_lines": [532, 533, 534, 540, 541], "summary": {"covered_lines": 5, "num_statements": 9, "percent_covered": 55.55555555555556, "percent_covered_display": "56", "missing_lines": 4, "excluded_lines": 0, "percent_statements_covered": 55.55555555555556, "percent_statements_covered_display": "56"}, "missing_lines": [542, 543, 544, 545], "excluded_lines": [], "start_line": 530}, "net_put": {"executed_lines": [550, 551, 552, 558, 559], "summary": {"covered_lines": 5, "num_statements": 9, "percent_covered": 55.55555555555556, "percent_covered_display": "56", "missing_lines": 4, "excluded_lines": 0, "percent_statements_covered": 55.55555555555556, "percent_statements_covered_display": "56"}, "missing_lines": [560, 561, 562, 563], "excluded_lines": [], "start_line": 548}, "net_delete": {"executed_lines": [568, 569, 570, 576, 577], "summary": {"covered_lines": 5, "num_statements": 9, "percent_covered": 55.55555555555556, "percent_covered_display": "56", "missing_lines": 4, "excluded_lines": 0, "percent_statements_covered": 55.55555555555556, "percent_statements_covered_display": "56"}, "missing_lines": [578, 579, 580, 581], "excluded_lines": [], "start_line": 566}, "net_ws": {"executed_lines": [586], "summary": {"covered_lines": 1, "num_statements": 1, "percent_covered": 100.0, "percent_covered_display": "100", "missing_lines": 0, "excluded_lines": 0, "percent_statements_covered": 100.0, "percent_statements_covered_display": "100"}, "missing_lines": [], "excluded_lines": [], "start_line": 584}, "": {"executed_lines": [8, 9, 10, 11, 12, 13, 15, 18, 38, 41, 46, 53, 61, 64, 67, 70, 75, 78, 81, 84, 88, 100, 103, 160, 216, 262, 325, 388, 436, 443, 448, 464, 478, 495, 502, 506, 511, 530, 548, 566, 584], "summary": {"covered_lines": 41, "num_statements": 41, "percent_covered": 100.0, "percent_covered_display": "100", "missing_lines": 0, "excluded_lines": 1, "percent_statements_covered": 100.0, "percent_statements_covered_display": "100"}, "missing_lines": [], "excluded_lines": [57], "start_line": 1}}, "classes": {"HTTPResponse": {"executed_lines": [42, 43, 44, 48, 49, 50, 51, 55], "summary": {"covered_lines": 8, "num_statements": 8, "percent_covered": 100.0, "percent_covered_display": "100", "missing_lines": 0, "excluded_lines": 1, "percent_statements_covered": 100.0, "percent_statements_covered_display": "100"}, "missing_lines": [], "excluded_lines": [58], "start_line": 38}, "NetworkError": {"executed_lines": [], "summary": {"covered_lines": 0, "num_statements": 0, "percent_covered": 100.0, "percent_covered_display": "100", "missing_lines": 0, "excluded_lines": 0, "percent_statements_covered": 100.0, "percent_statements_covered_display": "100"}, "missing_lines": [], "excluded_lines": [], "start_line": 61}, "HTTPError": {"executed_lines": [71, 72], "summary": {"covered_lines": 2, "num_statements": 2, "percent_covered": 100.0, "percent_covered_display": "100", "missing_lines": 0, "excluded_lines": 0, "percent_statements_covered": 100.0, "percent_statements_covered_display": "100"}, "missing_lines": [], "excluded_lines": [], "start_line": 67}, "WebSocketError": {"executed_lines": [], "summary": {"covered_lines": 0, "num_statements": 0, "percent_covered": 100.0, "percent_covered_display": "100", "missing_lines": 0, "excluded_lines": 0, "percent_statements_covered": 100.0, "percent_statements_covered_display": "100"}, "missing_lines": [], "excluded_lines": [], "start_line": 75}, "SSRFError": {"executed_lines": [], "summary": {"covered_lines": 0, "num_statements": 0, "percent_covered": 100.0, "percent_covered_display": "100", "missing_lines": 0, "excluded_lines": 0, "percent_statements_covered": 100.0, "percent_statements_covered_display": "100"}, "missing_lines": [], "excluded_lines": [], "start_line": 81}, "WebSocket": {"executed_lines": [444, 445, 446, 474, 475, 491, 492, 503], "summary": {"covered_lines": 8, "num_statements": 14, "percent_covered": 57.142857142857146, "percent_covered_display": "57", "missing_lines": 6, "excluded_lines": 3, "percent_statements_covered": 57.142857142857146, "percent_statements_covered_display": "57"}, "missing_lines": [497, 498, 499, 500, 504, 507], "excluded_lines": [458, 476, 493], "start_line": 436}, "": {"executed_lines": [8, 9, 10, 11, 12, 13, 15, 18, 38, 41, 46, 53, 61, 64, 67, 70, 75, 78, 81, 84, 88, 100, 103, 113, 114, 117, 118, 123, 124, 127, 129, 130, 133, 134, 135, 139, 143, 144, 146, 152, 154, 156, 160, 174, 177, 178, 180, 181, 184, 185, 190, 191, 194, 195, 198, 199, 200, 202, 203, 204, 208, 210, 212, 216, 234, 236, 237, 240, 245, 246, 247, 248, 250, 252, 253, 254, 255, 262, 286, 288, 290, 291, 292, 294, 295, 298, 299, 300, 303, 308, 309, 310, 311, 313, 325, 349, 351, 353, 354, 355, 361, 362, 363, 366, 371, 372, 373, 374, 376, 388, 408, 410, 411, 414, 419, 420, 421, 422, 424, 436, 443, 448, 464, 478, 495, 502, 506, 511, 513, 514, 515, 521, 523, 524, 525, 526, 527, 530, 532, 533, 534, 540, 541, 548, 550, 551, 552, 558, 559, 566, 568, 569, 570, 576, 577, 584, 586], "summary": {"covered_lines": 157, "num_statements": 212, "percent_covered": 74.05660377358491, "percent_covered_display": "74", "missing_lines": 55, "excluded_lines": 1, "percent_statements_covered": 74.05660377358491, "percent_statements_covered_display": "74"}, "missing_lines": [147, 148, 149, 157, 213, 241, 242, 256, 257, 258, 259, 304, 305, 315, 316, 317, 318, 319, 320, 321, 322, 357, 358, 367, 368, 378, 379, 380, 381, 382, 383, 384, 385, 415, 416, 426, 427, 428, 429, 430, 431, 432, 433, 542, 543, 544, 545, 560, 561, 562, 563, 578, 579, 580, 581], "excluded_lines": [57], "start_line": 1}}}, "src/core/system.py": {"executed_lines": [5, 6, 7, 10, 12, 13, 15, 16, 17, 20, 22, 24, 27, 29, 32, 34, 37, 39, 42, 45, 46, 48, 49, 50, 53, 54, 55, 56, 57, 58], "summary": {"covered_lines": 30, "num_statements": 30, "percent_covered": 100.0, "percent_covered_display": "100", "missing_lines": 0, "excluded_lines": 0, "percent_statements_covered": 100.0, "percent_statements_covered_display": "100"}, "missing_lines": [], "excluded_lines": [], "functions": {"print": {"executed_lines": [12, 13, 15, 16, 17], "summary": {"covered_lines": 5, "num_statements": 5, "percent_covered": 100.0, "percent_covered_display": "100", "missing_lines": 0, "excluded_lines": 0, "percent_statements_covered": 100.0, "percent_statements_covered_display": "100"}, "missing_lines": [], "excluded_lines": [], "start_line": 10}, "trace": {"executed_lines": [22, 24], "summary": {"covered_lines": 2, "num_statements": 2, "percent_covered": 100.0, "percent_covered_display": "100", "missing_lines": 0, "excluded_lines": 0, "percent_statements_covered": 100.0, "percent_statements_covered_display": "100"}, "missing_lines": [], "excluded_lines": [], "start_line": 20}, "exit": {"executed_lines": [29], "summary": {"covered_lines": 1, "num_statements": 1, "percent_covered": 100.0, "percent_covered_display": "100", "missing_lines": 0, "excluded_lines": 0, "percent_statements_covered": 100.0, "percent_statements_covered_display": "100"}, "missing_lines": [], "excluded_lines": [], "start_line": 27}, "env": {"executed_lines": [34], "summary": {"covered_lines": 1, "num_statements": 1, "percent_covered": 100.0, "percent_covered_display": "100", "missing_lines": 0, "excluded_lines": 0, "percent_statements_covered": 100.0, "percent_statements_covered_display": "100"}, "missing_lines": [], "excluded_lines": [], "start_line": 32}, "time": {"executed_lines": [39], "summary": {"covered_lines": 1, "num_statements": 1, "percent_covered": 100.0, "percent_covered_display": "100", "missing_lines": 0, "excluded_lines": 0, "percent_statements_covered": 100.0, "percent_statements_covered_display": "100"}, "missing_lines": [], "excluded_lines": [], "start_line": 37}, "input": {"executed_lines": [45, 46, 48, 49, 50, 53, 54, 55, 56, 57, 58], "summary": {"covered_lines": 11, "num_statements": 11, "percent_covered": 100.0, "percent_covered_display": "100", "missing_lines": 0, "excluded_lines": 0, "percent_statements_covered": 100.0, "percent_statements_covered_display": "100"}, "missing_lines": [], "excluded_lines": [], "start_line": 42}, "": {"executed_lines": [5, 6, 7, 10, 20, 27, 32, 37, 42], "summary": {"covered_lines": 9, "num_statements": 9, "percent_covered": 100.0, "percent_covered_display": "100", "missing_lines": 0, "excluded_lines": 0, "percent_statements_covered": 100.0, "percent_statements_covered_display": "100"}, "missing_lines": [], "excluded_lines": [], "start_line": 1}}, "classes": {"": {"executed_lines": [5, 6, 7, 10, 12, 13, 15, 16, 17, 20, 22, 24, 27, 29, 32, 34, 37, 39, 42, 45, 46, 48, 49, 50, 53, 54, 55, 56, 57, 58], "summary": {"covered_lines": 30, "num_statements": 30, "percent_covered": 100.0, "percent_covered_display": "100", "missing_lines": 0, "excluded_lines": 0, "percent_statements_covered": 100.0, "percent_statements_covered_display": "100"}, "missing_lines": [], "excluded_lines": [], "start_line": 1}}}, "src/interpreter/__init__.py": {"executed_lines": [], "summary": {"covered_lines": 0, "num_statements": 0, "percent_covered": 100.0, "percent_covered_display": "100", "missing_lines": 0, "excluded_lines": 0, "percent_statements_covered": 100.0, "percent_statements_covered_display": "100"}, "missing_lines": [], "excluded_lines": [], "functions": {"": {"executed_lines": [], "summary": {"covered_lines": 0, "num_statements": 0, "percent_covered": 100.0, "percent_covered_display": "100", "missing_lines": 0, "excluded_lines": 0, "percent_statements_covered": 100.0, "percent_statements_covered_display": "100"}, "missing_lines": [], "excluded_lines": [], "start_line": 1}}, "classes": {"": {"executed_lines": [], "summary": {"covered_lines": 0, "num_statements": 0, "percent_covered": 100.0, "percent_covered_display": "100", "missing_lines": 0, "excluded_lines": 0, "percent_statements_covered": 100.0, "percent_statements_covered_display": "100"}, "missing_lines": [], "excluded_lines": [], "start_line": 1}}}, "src/interpreter/interpreter.py": {"executed_lines": [5, 6, 7, 10, 13, 14, 15, 16, 19, 22, 23, 24, 25, 28, 31, 32, 35, 38, 39, 40, 46, 49, 50, 51, 54, 55, 57, 65, 68, 69, 70, 71, 73, 75, 81, 84, 85, 86, 88, 90, 92, 94, 95, 97, 98, 100, 102, 104, 105, 106, 108, 109, 110, 114, 123, 126, 127, 128, 129, 132, 134, 137, 139, 141, 142, 143, 144, 146, 148, 150, 152, 157, 164, 167, 168, 170, 171, 172, 173, 174, 177, 180, 182, 184, 186, 188, 190, 193, 195, 197, 199, 200, 201, 203, 205, 206, 207, 210, 212, 213, 216, 217, 218, 219, 220, 221, 222, 223, 224, 225, 226, 227, 230, 231, 232, 233, 234, 235, 236, 237, 238, 239, 240, 241, 244, 245, 246, 247, 252, 254, 256, 257, 258, 259, 263, 266, 269, 271, 272, 273, 274, 277, 278, 279, 282, 287, 290, 293, 297, 300, 304, 308, 311, 316, 317, 318, 326, 327, 328, 331, 332, 335, 346, 366, 369, 370, 374, 377, 383, 384, 386, 388, 389, 392, 393, 394, 395, 396, 399, 402, 408, 410, 412, 414, 416, 417, 418, 419, 421, 423, 425, 426, 427, 429, 431, 432, 433, 434, 436, 448, 450, 451, 453, 455, 456, 458, 460, 465, 467, 468, 469, 471, 472, 473, 476, 477, 479, 482, 483, 509, 510, 512, 514, 518, 520, 522, 523, 524, 525, 528, 530, 531, 534, 537, 538, 540, 543, 544, 548, 552, 555, 556, 558, 559, 562, 564, 567, 568, 570, 572, 575, 576, 580, 588, 590, 593, 600, 604, 605, 608, 609, 611, 615, 617, 619, 622, 623, 624, 626, 629, 632, 635, 636, 637, 642, 643, 645, 646, 647, 648, 649, 651, 654, 661, 665, 669, 674, 676, 677, 678, 680, 683, 685, 686], "summary": {"covered_lines": 294, "num_statements": 403, "percent_covered": 72.95285359801488, "percent_covered_display": "73", "missing_lines": 109, "excluded_lines": 6, "percent_statements_covered": 72.95285359801488, "percent_statements_covered_display": "73"}, "missing_lines": [59, 112, 116, 117, 118, 119, 120, 159, 160, 161, 162, 250, 261, 275, 276, 280, 281, 283, 284, 288, 289, 291, 292, 294, 298, 299, 301, 302, 303, 305, 306, 307, 309, 310, 312, 313, 321, 336, 337, 338, 339, 340, 341, 342, 343, 347, 348, 349, 350, 351, 352, 353, 354, 355, 356, 357, 358, 359, 360, 361, 362, 363, 372, 378, 404, 405, 406, 438, 440, 442, 443, 445, 484, 486, 487, 491, 492, 493, 494, 496, 497, 498, 500, 501, 503, 505, 506, 516, 545, 546, 549, 577, 578, 583, 584, 585, 586, 594, 595, 597, 601, 613, 620, 639, 658, 663, 667, 671, 679], "excluded_lines": [42, 43, 61, 62, 77, 78], "functions": {"RuntimeError.__init__": {"executed_lines": [14, 15, 16], "summary": {"covered_lines": 3, "num_statements": 3, "percent_covered": 100.0, "percent_covered_display": "100", "missing_lines": 0, "excluded_lines": 0, "percent_statements_covered": 100.0, "percent_statements_covered_display": "100"}, "missing_lines": [], "excluded_lines": [], "start_line": 13}, "SyntariException.__init__": {"executed_lines": [23, 24, 25], "summary": {"covered_lines": 3, "num_statements": 3, "percent_covered": 100.0, "percent_covered_display": "100", "missing_lines": 0, "excluded_lines": 0, "percent_statements_covered": 100.0, "percent_statements_covered_display": "100"}, "missing_lines": [], "excluded_lines": [], "start_line": 22}, "ReturnValue.__init__": {"executed_lines": [32], "summary": {"covered_lines": 1, "num_statements": 1, "percent_covered": 100.0, "percent_covered_display": "100", "missing_lines": 0, "excluded_lines": 0, "percent_statements_covered": 100.0, "percent_statements_covered_display": "100"}, "missing_lines": [], "excluded_lines": [], "start_line": 31}, "SyntariClass.__init__": {"executed_lines": [39, 40], "summary": {"covered_lines": 2, "num_statements": 2, "percent_covered": 100.0, "percent_covered_display": "100", "missing_lines": 0, "excluded_lines": 0, "percent_statements_covered": 100.0, "percent_statements_covered_display": "100"}, "missing_lines": [], "excluded_lines": [], "start_line": 38}, "SyntariClass.__repr__": {"executed_lines": [], "summary": {"covered_lines": 0, "num_statements": 0, "percent_covered": 100.0, "percent_covered_display": "100", "missing_lines": 0, "excluded_lines": 1, "percent_statements_covered": 100.0, "percent_statements_covered_display": "100"}, "missing_lines": [], "excluded_lines": [43], "start_line": 42}, "ClassInstance.__init__": {"executed_lines": [50, 51, 54, 55, 57], "summary": {"covered_lines": 5, "num_statements": 6, "percent_covered": 83.33333333333333, "percent_covered_display": "83", "missing_lines": 1, "excluded_lines": 0, "percent_statements_covered": 83.33333333333333, "percent_statements_covered_display": "83"}, "missing_lines": [59], "excluded_lines": [], "start_line": 49}, "ClassInstance.__repr__": {"executed_lines": [], "summary": {"covered_lines": 0, "num_statements": 0, "percent_covered": 100.0, "percent_covered_display": "100", "missing_lines": 0, "excluded_lines": 1, "percent_statements_covered": 100.0, "percent_statements_covered_display": "100"}, "missing_lines": [], "excluded_lines": [62], "start_line": 61}, "BoundMethod.__init__": {"executed_lines": [69, 70, 71], "summary": {"covered_lines": 3, "num_statements": 3, "percent_covered
[...]
": "0"}, "missing_lines": [509, 510], "excluded_lines": [], "start_line": 508}, "LSPServer.start": {"executed_lines": [], "summary": {"covered_lines": 0, "num_statements": 19, "percent_covered": 0.0, "percent_covered_display": "0", "missing_lines": 19, "excluded_lines": 0, "percent_statements_covered": 0.0, "percent_statements_covered_display": "0"}, "missing_lines": [514, 516, 517, 519, 520, 521, 523, 524, 526, 529, 532, 533, 536, 538, 539, 541, 542, 543, 544], "excluded_lines": [], "start_line": 512}, "LSPServer.handle_message": {"executed_lines": [], "summary": {"covered_lines": 0, "num_statements": 49, "percent_covered": 0.0, "percent_covered_display": "0", "missing_lines": 49, "excluded_lines": 0, "percent_statements_covered": 0.0, "percent_statements_covered_display": "0"}, "missing_lines": [548, 549, 550, 552, 553, 567, 568, 569, 570, 571, 572, 574, 575, 576, 577, 578, 579, 581, 582, 583, 584, 585, 586, 588, 589, 590, 591, 592, 593, 595, 596, 597, 598, 599, 600, 602, 603, 604, 605, 607, 608, 609, 610, 612, 624, 626, 627, 628, 630], "excluded_lines": [], "start_line": 546}, "LSPServer.publish_diagnostics": {"executed_lines": [], "summary": {"covered_lines": 0, "num_statements": 3, "percent_covered": 0.0, "percent_covered_display": "0", "missing_lines": 3, "excluded_lines": 0, "percent_statements_covered": 0.0, "percent_statements_covered_display": "0"}, "missing_lines": [634, 635, 640], "excluded_lines": [], "start_line": 632}, "LSPServer.send_response": {"executed_lines": [], "summary": {"covered_lines": 0, "num_statements": 4, "percent_covered": 0.0, "percent_covered_display": "0", "missing_lines": 4, "excluded_lines": 0, "percent_statements_covered": 0.0, "percent_statements_covered_display": "0"}, "missing_lines": [644, 645, 646, 647], "excluded_lines": [], "start_line": 642}, "LSPServer.send_error": {"executed_lines": [], "summary": {"covered_lines": 0, "num_statements": 2, "percent_covered": 0.0, "percent_covered_display": "0", "missing_lines": 2, "excluded_lines": 0, "percent_statements_covered": 0.0, "percent_statements_covered_display": "0"}, "missing_lines": [651, 652], "excluded_lines": [], "start_line": 649}, "": {"executed_lines": [14, 15, 16, 17, 18, 19, 21, 22, 23, 26, 27, 30, 31, 33, 37, 38, 41, 42, 44, 48, 49, 52, 53, 55, 59, 60, 63, 64, 65, 66, 68, 77, 78, 81, 82, 83, 84, 85, 87, 98, 99, 102, 103, 104, 105, 107, 118, 126, 127, 128, 129, 130, 131, 132, 133, 134, 135, 136, 137, 138, 139, 140, 141, 142, 143, 146, 147, 148, 149, 150, 151, 152, 153, 154, 155, 156, 157, 158, 159, 160, 163, 164, 165, 166, 168, 199, 204, 209, 218, 273, 278, 313, 317, 359, 394, 411, 431, 445, 468, 472, 501, 508, 512, 546, 632, 642, 649], "summary": {"covered_lines": 107, "num_statements": 107, "percent_covered": 100.0, "percent_covered_display": "100", "missing_lines": 0, "excluded_lines": 3, "percent_statements_covered": 100.0, "percent_statements_covered_display": "100"}, "missing_lines": [], "excluded_lines": [655, 657, 658], "start_line": 1}}, "classes": {"Position": {"executed_lines": [34], "summary": {"covered_lines": 1, "num_statements": 1, "percent_covered": 100.0, "percent_covered_display": "100", "missing_lines": 0, "excluded_lines": 0, "percent_statements_covered": 100.0, "percent_statements_covered_display": "100"}, "missing_lines": [], "excluded_lines": [], "start_line": 27}, "Range": {"executed_lines": [45], "summary": {"covered_lines": 1, "num_statements": 1, "percent_covered": 100.0, "percent_covered_display": "100", "missing_lines": 0, "excluded_lines": 0, "percent_statements_covered": 100.0, "percent_statements_covered_display": "100"}, "missing_lines": [], "excluded_lines": [], "start_line": 38}, "Location": {"executed_lines": [], "summary": {"covered_lines": 0, "num_statements": 1, "percent_covered": 0.0, "percent_covered_display": "0", "missing_lines": 1, "excluded_lines": 0, "percent_statements_covered": 0.0, "percent_statements_covered_display": "0"}, "missing_lines": [56], "excluded_lines": [], "start_line": 49}, "Diagnostic": {"executed_lines": [69], "summary": {"covered_lines": 1, "num_statements": 1, "percent_covered": 100.0, "percent_covered_display": "100", "missing_lines": 0, "excluded_lines": 0, "percent_statements_covered": 100.0, "percent_statements_covered_display": "100"}, "missing_lines": [], "excluded_lines": [], "start_line": 60}, "CompletionItem": {"executed_lines": [88, 89, 90, 91, 93, 95], "summary": {"covered_lines": 6, "num_statements": 8, "percent_covered": 75.0, "percent_covered_display": "75", "missing_lines": 2, "excluded_lines": 0, "percent_statements_covered": 75.0, "percent_statements_covered_display": "75"}, "missing_lines": [92, 94], "excluded_lines": [], "start_line": 78}, "SymbolInformation": {"executed_lines": [], "summary": {"covered_lines": 0, "num_statements": 4, "percent_covered": 0.0, "percent_covered_display": "0", "missing_lines": 4, "excluded_lines": 0, "percent_statements_covered": 0.0, "percent_statements_covered_display": "0"}, "missing_lines": [108, 113, 114, 115], "excluded_lines": [], "start_line": 99}, "SyntariLSP": {"executed_lines": [169, 170, 171, 172, 188, 201, 202, 206, 207, 211, 212, 213, 214, 215, 216, 220, 223, 224, 226, 228, 231, 232, 235, 237, 249, 251, 259, 275, 276, 280, 282, 294, 296, 298, 299, 311, 315, 319, 322, 323, 332, 333, 342, 343, 344, 349, 357, 362, 363, 365, 368, 369, 373, 374, 378, 379, 382, 383, 396, 400, 401, 402, 404, 405, 406, 408, 409, 413, 429, 433, 443, 470, 474, 477, 478, 479, 481, 482, 485, 486, 489, 490, 495, 496, 498], "summary": {"covered_lines": 85, "num_statements": 114, "percent_covered": 74.56140350877193, "percent_covered_display": "75", "missing_lines": 29, "excluded_lines": 0, "percent_statements_covered": 74.56140350877193, "percent_statements_covered_display": "75"}, "missing_lines": [239, 247, 261, 263, 271, 366, 370, 375, 386, 387, 388, 389, 390, 392, 397, 448, 449, 451, 452, 454, 455, 457, 458, 461, 462, 463, 464, 466, 492], "excluded_lines": [], "start_line": 118}, "LSPServer": {"executed_lines": [], "summary": {"covered_lines": 0, "num_statements": 79, "percent_covered": 0.0, "percent_covered_display": "0", "missing_lines": 79, "excluded_lines": 0, "percent_statements_covered": 0.0, "percent_statements_covered_display": "0"}, "missing_lines": [509, 510, 514, 516, 517, 519, 520, 521, 523, 524, 526, 529, 532, 533, 536, 538, 539, 541, 542, 543, 544, 548, 549, 550, 552, 553, 567, 568, 569, 570, 571, 572, 574, 575, 576, 577, 578, 579, 581, 582, 583, 584, 585, 586, 588, 589, 590, 591, 592, 593, 595, 596, 597, 598, 599, 600, 602, 603, 604, 605, 607, 608, 609, 610, 612, 624, 626, 627, 628, 630, 634, 635, 640, 644, 645, 646, 647, 651, 652], "excluded_lines": [], "start_line": 501}, "": {"executed_lines": [14, 15, 16, 17, 18, 19, 21, 22, 23, 26, 27, 30, 31, 33, 37, 38, 41, 42, 44, 48, 49, 52, 53, 55, 59, 60, 63, 64, 65, 66, 68, 77, 78, 81, 82, 83, 84, 85, 87, 98, 99, 102, 103, 104, 105, 107, 118, 126, 127, 128, 129, 130, 131, 132, 133, 134, 135, 136, 137, 138, 139, 140, 141, 142, 143, 146, 147, 148, 149, 150, 151, 152, 153, 154, 155, 156, 157, 158, 159, 160, 163, 164, 165, 166, 168, 199, 204, 209, 218, 273, 278, 313, 317, 359, 394, 411, 431, 445, 468, 472, 501, 508, 512, 546, 632, 642, 649], "summary": {"covered_lines": 107, "num_statements": 107, "percent_covered": 100.0, "percent_covered_display": "100", "missing_lines": 0, "excluded_lines": 3, "percent_statements_covered": 100.0, "percent_statements_covered_display": "100"}, "missing_lines": [], "excluded_lines": [655, 657, 658], "start_line": 1}}}, "src/tools/profiler.py": {"executed_lines": [16, 17, 18, 19, 20, 21, 24, 25, 28, 29, 30, 31, 32, 33, 34, 35, 37, 38, 40, 43, 44, 47, 48, 49, 50, 51, 52, 54, 56, 57, 59, 60, 61, 62, 63, 64, 66, 68, 69, 71, 73, 75, 77, 79, 81, 83, 85, 88, 91, 92, 93, 94, 95, 96, 98, 100, 101, 103, 105, 106, 108, 110, 112, 114, 115, 116, 117, 118, 120, 122, 123, 124, 126, 128, 130, 132, 133, 134, 135, 137, 139, 141, 142, 143, 144, 145, 148, 149, 150, 151, 152, 153, 154, 155, 158, 159, 160, 161, 162, 165, 167, 168, 173, 177, 180, 181, 182, 183, 184, 185, 187, 188, 193, 194, 197, 198, 199, 200, 201, 202, 204, 205, 210, 211, 213, 214, 216, 218, 246, 248, 250, 305, 306, 311, 326, 338, 339, 344, 352, 364, 365, 370, 378, 384, 386, 388, 389, 390, 391, 394, 398, 399, 400, 403, 404, 407, 410, 411, 414, 417, 419, 420, 421, 423, 426, 427, 429, 430, 434, 437, 438, 440], "summary": {"covered_lines": 172, "num_statements": 174, "percent_covered": 98.85057471264368, "percent_covered_display": "99", "missing_lines": 2, "excluded_lines": 21, "percent_statements_covered": 98.85057471264368, "percent_statements_covered_display": "99"}, "missing_lines": [431, 432], "excluded_lines": [443, 444, 445, 448, 449, 450, 451, 453, 454, 455, 457, 458, 459, 460, 461, 462, 463, 464, 465, 466, 468], "functions": {"FunctionProfile.avg_time": {"executed_lines": [40], "summary": {"covered_lines": 1, "num_statements": 1, "percent_covered": 100.0, "percent_covered_display": "100", "missing_lines": 0, "excluded_lines": 0, "percent_statements_covered": 100.0, "percent_statements_covered_display": "100"}, "missing_lines": [], "excluded_lines": [], "start_line": 38}, "ProfilerStats.add_function_call": {"executed_lines": [56, 57, 59, 60, 61, 62, 63, 64], "summary": {"covered_lines": 8, "num_statements": 8, "percent_covered": 100.0, "percent_covered_display": "100", "missing_lines": 0, "excluded_lines": 0, "percent_statements_covered": 100.0, "percent_statements_covered_display": "100"}, "missing_lines": [], "excluded_lines": [], "start_line": 54}, "ProfilerStats.record_opcode": {"executed_lines": [68, 69], "summary": {"covered_lines": 2, "num_statements": 2, "percent_covered": 100.0, "percent_covered_display": "100", "missing_lines": 0, "excluded_lines": 0, "percent_statements_covered": 100.0, "percent_statements_covered_display": "100"}, "missing_lines": [], "excluded_lines": [], "start_line": 66}, "ProfilerStats.record_line": {"executed_lines": [73], "summary": {"covered_lines": 1, "num_statements": 1, "percent_covered": 100.0, "percent_covered_display": "100", "missing_lines": 0, "excluded_lines": 0, "percent_statements_covered": 100.0, "percent_statements_covered_display": "100"}, "missing_lines": [], "excluded_lines": [], "start_line": 71}, "ProfilerStats.get_hot_functions": {"executed_lines": [77], "summary": {"covered_lines": 1, "num_statements": 1, "percent_covered": 100.0, "percent_covered_display": "100", "missing_lines": 0, "excluded_lines": 0, "percent_statements_covered": 100.0, "percent_statements_covered_display": "100"}, "missing_lines": [], "excluded_lines": [], "start_line": 75}, "ProfilerStats.get_hot_lines": {"executed_lines": [81], "summary": {"covered_lines": 1, "num_statements": 1, "percent_covered": 100.0, "percent_covered_display": "100", "missing_lines": 0, "excluded_lines": 0, "percent_statements_covered": 100.0, "percent_statements_covered_display": "100"}, "missing_lines": [], "excluded_lines": [], "start_line": 79}, "ProfilerStats.get_hot_opcodes": {"executed_lines": [85], "summary": {"covered_lines": 1, "num_statements": 1, "percent_covered": 100.0, "percent_covered_display": "100", "missing_lines": 0, "excluded_lines": 0, "percent_statements_covered": 100.0, "percent_statements_covered_display": "100"}, "missing_lines": [], "excluded_lines": [], "start_line": 83}, "Profiler.__init__": {"executed_lines": [92, 93, 94, 95, 96], "summary": {"covered_lines": 5, "num_statements": 5, "percent_covered": 100.0, "percent_covered_display": "100", "missing_lines": 0, "excluded_lines": 0, "percent_statements_covered": 100.0, "percent_statements_covered_display": "100"}, "missing_lines": [], "excluded_lines": [], "start_line": 91}, "Profiler.start": {"executed_lines": [100, 101], "summary": {"covered_lines": 2, "num_statements": 2, "percent_covered": 100.0, "percent_covered_display": "100", "missing_lines": 0, "excluded_lines": 0, "percent_statements_covered": 100.0, "percent_statements_covered_display": "100"}, "missing_lines": [], "excluded_lines": [], "start_line": 98}, "Profiler.stop": {"executed_lines": [105, 106], "summary": {"covered_lines": 2, "num_statements": 2, "percent_covered": 100.0, "percent_covered_display": "100", "missing_lines": 0, "excluded_lines": 0, "percent_statements_covered": 100.0, "percent_statements_covered_display": "100"}, "missing_lines": [], "excluded_lines": [], "start_line": 103}, "Profiler.enter_function": {"executed_lines": [110], "summary": {"covered_lines": 1, "num_statements": 1, "percent_covered": 100.0, "percent_covered_display": "100", "missing_lines": 0, "excluded_lines": 0, "percent_statements_covered": 100.0, "percent_statements_covered_display": "100"}, "missing_lines": [], "excluded_lines": [], "start_line": 108}, "Profiler.exit_function": {"executed_lines": [114, 115, 116, 117, 118], "summary": {"covered_lines": 5, "num_statements": 5, "percent_covered": 100.0, "percent_covered_display": "100", "missing_lines": 0, "excluded_lines": 0, "percent_statements_covered": 100.0, "percent_statements_covered_display": "100"}, "missing_lines": [], "excluded_lines": [], "start_line": 112}, "Profiler.record_opcode": {"executed_lines": [122, 123, 124], "summary": {"covered_lines": 3, "num_statements": 3, "percent_covered": 100.0, "percent_covered_display": "100", "missing_lines": 0, "excluded_lines": 0, "percent_statements_covered": 100.0, "percent_statements_covered_display": "100"}, "missing_lines": [], "excluded_lines": [], "start_line": 120}, "Profiler.update_stack_depth": {"executed_lines": [128], "summary": {"covered_lines": 1, "num_statements": 1, "percent_covered": 100.0, "percent_covered_display": "100", "missing_lines": 0, "excluded_lines": 0, "percent_statements_covered": 100.0, "percent_statements_covered_display": "100"}, "missing_lines": [], "excluded_lines": [], "start_line": 126}, "Profiler.generate_report": {"executed_lines": [132, 133, 134, 135, 137], "summary": {"covered_lines": 5, "num_statements": 5, "percent_covered": 100.0, "percent_covered_display": "100", "missing_lines": 0, "excluded_lines": 0, "percent_statements_covered": 100.0, "percent_statements_covered_display": "100"}, "missing_lines": [], "excluded_lines": [], "start_line": 130}, "Profiler._generate_text_report": {"executed_lines": [141, 142, 143, 144, 145, 148, 149, 150, 151, 152, 153, 154, 155, 158, 159, 160, 161, 162, 165, 167, 168, 173, 177, 180, 181, 182, 183, 184, 185, 187, 188, 193, 194, 197, 198, 199, 200, 201, 202, 204, 205, 210, 211, 213, 214], "summary": {"covered_lines": 45, "num_statements": 45, "percent_covered": 100.0, "percent_covered_display": "100", "missing_lines": 0, "excluded_lines": 0, "percent_statements_covered": 100.0, "percent_statements_covered_display": "100"}, "missing_lines": [], "excluded_lines": [], "start_line": 139}, "Profiler._generate_json_report": {"executed_lines": [218, 246], "summary": {"covered_lines": 2, "num_statements": 2, "percent_covered": 100.0, "percent_covered_display": "100", "missing_lines": 0, "excluded_lines": 0, "percent_statements_covered": 100.0, "percent_statements_covered_display": "100"}, "missing_lines": [], "excluded_lines": [], "start_line": 216}, "Profiler._generate_html_report": {"executed_lines": [250, 305, 306, 311, 326, 338, 339, 344, 352, 364, 365, 370, 378, 384], "summary": {"covered_lines": 14, "num_statements": 14, "percent_covered": 100.0, "percent_covered_display": "100", "missing_lines": 0, "excluded_lines": 0, "percent_statements_covered": 100.0, "percent_statements_covered_display": "100"}, "missing_lines": [], "excluded_lines": [], "start_line": 248}, "Profiler.save_report": {"executed_lines": [388, 389, 390, 391], "summary": {"covered_lines": 4, "num_statements": 4, "percent_covered": 100.0, "percent_covered_display": "100", "missing_lines": 0, "excluded_lines": 0, "percent_statements_covered": 100.0, "percent_statements_covered_display": "100"}, "missing_lines": [], "excluded_lines": [], "start_line": 386}, "profile_interpreter": {"executed_lines": [398, 399, 400, 403, 404, 407, 410, 411, 414, 417, 419, 423, 426, 427, 429, 430, 434, 437, 438, 440], "summary": {"covered_lines": 20, "num_statements": 22, "percent_covered": 90.9090909090909, "percent_covered_display": "91", "missing_lines": 2, "excluded_lines": 0, "percent_statements_covered": 90.9090909090909, "percent_statements_covered_display": "91"}, "missing_lines": [431, 432], "excluded_lines": [], "start_line": 394}, "profile_interpreter.profiled_execute": {"executed_lines": [420, 421], "summary": {"covered_lines": 2, "num_statements": 2, "percent_covered": 100.0, "percent_covered_display": "100", "missing_lines": 0, "excluded_lines": 0, "percent_statements_covered": 100.0, "percent_statements_covered_display": "100"}, "missing_lines": [], "excluded_lines": [], "start_line": 419}, "": {"executed_lines": [16, 17, 18, 19, 20, 21, 24, 25, 28, 29, 30, 31, 32, 33, 34, 35, 37, 38, 43, 44, 47, 48, 49, 50, 51, 52, 54, 66, 71, 75, 79, 83, 88, 91, 98, 103, 108, 112, 120, 126, 130, 139, 216, 248, 386, 394], "summary": {"covered_lines": 46, "num_statements": 46, "percent_covered": 100.0, "percent_covered_display": "100", "missing_lines": 0, "excluded_lines": 21, "percent_statements_covered": 100.0, "percent_statements_covered_display": "100"}, "missing_lines": [], "excluded_lines": [443, 444, 445, 448, 449, 450, 451, 453, 454, 455, 457, 458, 459, 460, 461, 462, 463, 464, 465, 466, 468], "start_line": 1}}, "classes": {"FunctionProfile": {"executed_lines": [40], "summary": {"covered_lines": 1, "num_statements": 1, "percent_covered": 100.0, "percent_covered_display": "100", "missing_lines": 0, "excluded_lines": 0, "percent_statements_covered": 100.0, "percent_statements_covered_display": "100"}, "missing_lines": [], "excluded_lines": [], "start_line": 25}, "ProfilerStats": {"executed_lines": [56, 57, 59, 60, 61, 62, 63, 64, 68, 69, 73, 77, 81, 85], "summary": {"covered_lines": 14, "num_statements": 14, "percent_covered": 100.0, "percent_covered_display": "100", "missing_lines": 0, "excluded_lines": 0, "percent_statements_covered": 100.0, "percent_statements_covered_display": "100"}, "missing_lines": [], "excluded_lines": [], "start_line": 44}, "Profiler": {"executed_lines": [92, 93, 94, 95, 96, 100, 101, 105, 106, 110, 114, 115, 116, 117, 118, 122, 123, 124, 128, 132, 133, 134, 135, 137, 141, 142, 143, 144, 145, 148, 149, 150, 151, 152, 153, 154, 155, 158, 159, 160, 161, 162, 165, 167, 168, 173, 177, 180, 181, 182, 183, 184, 185, 187, 188, 193, 194, 197, 198, 199, 200, 201, 202, 204, 205, 210, 211, 213, 214, 218, 246, 250, 305, 306, 311, 326, 338, 339, 344, 352, 364, 365, 370, 378, 384, 388, 389, 390, 391], "summary": {"covered_lines": 89, "num_statements": 89, "percent_covered": 100.0, "percent_covered_display": "100", "missing_lines": 0, "excluded_lines": 0, "percent_statements_covered": 100.0, "percent_statements_covered_display": "100"}, "missing_lines": [], "excluded_lines": [], "start_line": 88}, "": {"executed_lines": [16, 17, 18, 19, 20, 21, 24, 25, 28, 29, 30, 31, 32, 33, 34, 35, 37, 38, 43, 44, 47, 48, 49, 50, 51, 52, 54, 66, 71, 75, 79, 83, 88, 91, 98, 103, 108, 112, 120, 126, 130, 139, 216, 248, 386, 394, 398, 399, 400, 403, 404, 407, 410, 411, 414, 417, 419, 420, 421, 423, 426, 427, 429, 430, 434, 437, 438, 440], "summary": {"covered_lines": 68, "num_statements": 70, "percent_covered": 97.14285714285714, "percent_covered_display": "97", "missing_lines": 2, "excluded_lines": 21, "percent_statements_covered": 97.14285714285714, "percent_statements_covered_display": "97"}, "missing_lines": [431, 432], "excluded_lines": [443, 444, 445, 448, 449, 450, 451, 453, 454, 455, 457, 458, 459, 460, 461, 462, 463, 464, 465, 466, 468], "start_line": 1}}}}, "totals": {"covered_lines": 2770, "num_statements": 4151, "percent_covered": 66.73090821488798, "percent_covered_display": "67", "missing_lines": 1381, "excluded_lines": 168, "percent_statements_covered": 66.73090821488798, "percent_statements_covered_display": "67"}}